TN:
SF:/Users/markjonathas/Desktop/test_changes/evm-m-extensions/lib/common/lib/openzeppelin-contracts-upgradeable/contracts/access/AccessControlUpgradeable.sol
DA:1,0
DA:56,1
DA:67,4
DA:69,3
DA:78,5
DA:79,1
DA:90,0
DA:91,0
DA:97,7
DA:98,7
DA:99,48
DA:106,3
DA:107,9
DA:114,4
DA:115,9
DA:116,0
DA:126,6
DA:127,7
DA:128,22
DA:143,29
DA:144,7
DA:158,0
DA:159,0
DA:178,0
DA:179,0
DA:180,0
DA:183,0
DA:205,8
DA:206,7
DA:207,8
DA:208,55
DA:209,20
DA:210,6
DA:212,0
DA:223,0
DA:224,0
DA:225,0
DA:226,0
DA:227,0
DA:228,0
DA:230,0
end_of_record

SF:/Users/markjonathas/Desktop/test_changes/evm-m-extensions/lib/common/lib/openzeppelin-contracts-upgradeable/contracts/proxy/utils/Initializable.sol
DA:77,2
DA:104,5
DA:106,7
DA:109,17
DA:110,16
DA:117,15
DA:118,13
DA:120,11
DA:121,0
DA:123,23
DA:124,5
DA:125,23
DA:128,5
DA:129,23
DA:130,17
DA:152,0
DA:154,0
DA:156,0
DA:157,0
DA:159,0
DA:160,0
DA:162,0
DA:163,0
DA:171,36
DA:178,2
DA:179,7
DA:180,0
DA:192,3
DA:194,11
DA:196,17
DA:197,0
DA:199,22
DA:200,23
DA:201,17
DA:215,4
DA:216,18
DA:224,8
DA:225,8
DA:232,8
DA:233,18
DA:234,2
DA:235,6
end_of_record

SF:/Users/markjonathas/Desktop/test_changes/evm-m-extensions/lib/common/lib/openzeppelin-contracts-upgradeable/contracts/utils/ContextUpgradeable.sol
DA:23,4
DA:24,3
end_of_record

SF:/Users/markjonathas/Desktop/test_changes/evm-m-extensions/lib/common/lib/openzeppelin-contracts-upgradeable/contracts/utils/PausableUpgradeable.sol
DA:27,0
DA:29,0
DA:61,0
DA:73,0
DA:85,0
DA:86,0
DA:87,0
DA:93,0
DA:94,0
DA:95,0
DA:102,0
DA:103,0
DA:104,0
DA:115,0
DA:116,0
DA:117,0
DA:118,0
DA:128,0
DA:129,0
DA:130,0
DA:131,0
end_of_record

SF:/Users/markjonathas/Desktop/test_changes/evm-m-extensions/lib/common/lib/openzeppelin-contracts-upgradeable/contracts/utils/introspection/ERC165Upgradeable.sol
DA:30,0
DA:31,0
end_of_record

SF:/Users/markjonathas/Desktop/test_changes/evm-m-extensions/lib/common/lib/openzeppelin-contracts-upgradeable/lib/openzeppelin-contracts/contracts/access/AccessControl.sol
DA:57,1
DA:64,0
DA:71,0
DA:72,0
DA:78,7
DA:79,45
DA:86,0
DA:87,0
DA:94,0
DA:95,0
DA:96,0
DA:106,0
DA:107,0
DA:122,0
DA:123,0
DA:137,0
DA:138,0
DA:157,0
DA:158,0
DA:159,0
DA:162,0
DA:183,8
DA:184,12
DA:185,53
DA:186,24
DA:187,5
DA:189,0
DA:200,0
DA:201,0
DA:202,0
DA:203,0
DA:204,0
DA:206,0
end_of_record

SF:/Users/markjonathas/Desktop/test_changes/evm-m-extensions/lib/common/lib/openzeppelin-contracts-upgradeable/lib/openzeppelin-contracts/contracts/access/IAccessControl.sol
end_of_record

SF:/Users/markjonathas/Desktop/test_changes/evm-m-extensions/lib/common/lib/openzeppelin-contracts-upgradeable/lib/openzeppelin-contracts/contracts/access/Ownable.sol
DA:38,0
DA:39,0
DA:40,0
DA:42,0
DA:49,0
DA:56,0
DA:57,0
DA:63,0
DA:64,0
DA:65,0
DA:76,0
DA:77,0
DA:84,0
DA:85,0
DA:86,0
DA:88,0
DA:95,0
DA:96,0
DA:97,0
DA:98,0
end_of_record

SF:/Users/markjonathas/Desktop/test_changes/evm-m-extensions/lib/common/lib/openzeppelin-contracts-upgradeable/lib/openzeppelin-contracts/contracts/interfaces/IERC1363.sol
end_of_record

SF:/Users/markjonathas/Desktop/test_changes/evm-m-extensions/lib/common/lib/openzeppelin-contracts-upgradeable/lib/openzeppelin-contracts/contracts/interfaces/IERC165.sol
end_of_record

SF:/Users/markjonathas/Desktop/test_changes/evm-m-extensions/lib/common/lib/openzeppelin-contracts-upgradeable/lib/openzeppelin-contracts/contracts/interfaces/IERC1967.sol
end_of_record

SF:/Users/markjonathas/Desktop/test_changes/evm-m-extensions/lib/common/lib/openzeppelin-contracts-upgradeable/lib/openzeppelin-contracts/contracts/interfaces/IERC20.sol
end_of_record

SF:/Users/markjonathas/Desktop/test_changes/evm-m-extensions/lib/common/lib/openzeppelin-contracts-upgradeable/lib/openzeppelin-contracts/contracts/proxy/ERC1967/ERC1967Proxy.sol
DA:15,16
DA:26,25
DA:27,10
DA:37,4
DA:38,6
end_of_record

SF:/Users/markjonathas/Desktop/test_changes/evm-m-extensions/lib/common/lib/openzeppelin-contracts-upgradeable/lib/openzeppelin-contracts/contracts/proxy/ERC1967/ERC1967Utils.sol
DA:15,0
DA:21,2
DA:46,4
DA:47,20
DA:53,3
DA:54,9
DA:55,0
DA:57,32
DA:67,4
DA:68,9
DA:69,13
DA:71,10
DA:72,11
DA:74,0
DA:83,0
DA:92,0
DA:93,0
DA:99,0
DA:100,0
DA:101,0
DA:103,0
DA:111,0
DA:112,0
DA:113,0
DA:121,0
DA:133,0
DA:134,0
DA:135,0
DA:138,0
DA:140,0
DA:141,0
DA:142,0
DA:157,0
DA:158,0
DA:159,0
DA:161,0
DA:162,0
DA:164,0
DA:172,0
DA:173,0
DA:174,0
end_of_record

SF:/Users/markjonathas/Desktop/test_changes/evm-m-extensions/lib/common/lib/openzeppelin-contracts-upgradeable/lib/openzeppelin-contracts/contracts/proxy/Proxy.sol
DA:22,1
DA:27,4
DA:31,7
DA:34,4
DA:36,1
DA:38,5
DA:39,0
DA:42,3
DA:58,1
DA:59,7
DA:67,3
end_of_record

SF:/Users/markjonathas/Desktop/test_changes/evm-m-extensions/lib/common/lib/openzeppelin-contracts-upgradeable/lib/openzeppelin-contracts/contracts/proxy/beacon/BeaconProxy.sol
DA:23,0
DA:39,0
DA:40,0
DA:41,0
DA:47,0
DA:48,0
DA:54,0
DA:55,0
end_of_record

SF:/Users/markjonathas/Desktop/test_changes/evm-m-extensions/lib/common/lib/openzeppelin-contracts-upgradeable/lib/openzeppelin-contracts/contracts/proxy/beacon/IBeacon.sol
end_of_record

SF:/Users/markjonathas/Desktop/test_changes/evm-m-extensions/lib/common/lib/openzeppelin-contracts-upgradeable/lib/openzeppelin-contracts/contracts/proxy/beacon/UpgradeableBeacon.sol
DA:15,0
DA:31,0
DA:32,0
DA:38,0
DA:39,0
DA:52,0
DA:53,0
DA:63,0
DA:64,0
DA:65,0
DA:67,0
DA:68,0
end_of_record

SF:/Users/markjonathas/Desktop/test_changes/evm-m-extensions/lib/common/lib/openzeppelin-contracts-upgradeable/lib/openzeppelin-contracts/contracts/proxy/transparent/ProxyAdmin.sol
DA:13,0
DA:22,0
DA:27,0
DA:38,0
DA:43,0
end_of_record

SF:/Users/markjonathas/Desktop/test_changes/evm-m-extensions/lib/common/lib/openzeppelin-contracts-upgradeable/lib/openzeppelin-contracts/contracts/proxy/transparent/TransparentUpgradeableProxy.sol
DA:62,0
DA:79,0
DA:80,0
DA:82,0
DA:88,0
DA:89,0
DA:95,0
DA:96,0
DA:97,0
DA:98,0
DA:100,0
DA:103,0
DA:114,0
DA:115,0
DA:116,0
end_of_record

SF:/Users/markjonathas/Desktop/test_changes/evm-m-extensions/lib/common/lib/openzeppelin-contracts-upgradeable/lib/openzeppelin-contracts/contracts/proxy/utils/Initializable.sol
DA:77,0
DA:192,0
DA:194,0
DA:196,0
DA:197,0
DA:199,0
DA:200,0
DA:201,0
DA:224,0
DA:225,0
DA:232,0
DA:233,0
DA:234,0
DA:235,0
end_of_record

SF:/Users/markjonathas/Desktop/test_changes/evm-m-extensions/lib/common/lib/openzeppelin-contracts-upgradeable/lib/openzeppelin-contracts/contracts/token/ERC20/IERC20.sol
end_of_record

SF:/Users/markjonathas/Desktop/test_changes/evm-m-extensions/lib/common/lib/openzeppelin-contracts-upgradeable/lib/openzeppelin-contracts/contracts/token/ERC20/extensions/IERC20Metadata.sol
end_of_record

SF:/Users/markjonathas/Desktop/test_changes/evm-m-extensions/lib/common/lib/openzeppelin-contracts-upgradeable/lib/openzeppelin-contracts/contracts/token/ERC20/utils/SafeERC20.sol
DA:18,0
DA:33,0
DA:34,0
DA:41,0
DA:42,0
DA:101,0
DA:102,0
DA:104,0
DA:105,0
DA:106,0
DA:173,0
DA:174,0
DA:175,0
DA:176,0
DA:177,0
DA:179,0
DA:180,0
DA:181,0
DA:182,0
DA:184,0
DA:185,0
DA:188,0
DA:189,0
DA:201,0
DA:202,0
DA:203,0
DA:204,0
DA:206,0
DA:207,0
DA:208,0
DA:210,0
end_of_record

SF:/Users/markjonathas/Desktop/test_changes/evm-m-extensions/lib/common/lib/openzeppelin-contracts-upgradeable/lib/openzeppelin-contracts/contracts/utils/Address.sol
DA:11,0
DA:96,7
DA:97,44
DA:98,15
DA:106,8
DA:110,1
DA:111,4
DA:112,0
DA:116,20
DA:117,0
DA:119,5
DA:138,0
DA:140,0
DA:143,0
DA:144,0
DA:147,0
end_of_record

SF:/Users/markjonathas/Desktop/test_changes/evm-m-extensions/lib/common/lib/openzeppelin-contracts-upgradeable/lib/openzeppelin-contracts/contracts/utils/Context.sol
DA:17,4
DA:18,3
end_of_record

SF:/Users/markjonathas/Desktop/test_changes/evm-m-extensions/lib/common/lib/openzeppelin-contracts-upgradeable/lib/openzeppelin-contracts/contracts/utils/Errors.sol
DA:14,0
end_of_record

SF:/Users/markjonathas/Desktop/test_changes/evm-m-extensions/lib/common/lib/openzeppelin-contracts-upgradeable/lib/openzeppelin-contracts/contracts/utils/Panic.sol
DA:26,0
end_of_record

SF:/Users/markjonathas/Desktop/test_changes/evm-m-extensions/lib/common/lib/openzeppelin-contracts-upgradeable/lib/openzeppelin-contracts/contracts/utils/StorageSlot.sol
DA:34,0
DA:66,12
DA:68,6
end_of_record

SF:/Users/markjonathas/Desktop/test_changes/evm-m-extensions/lib/common/lib/openzeppelin-contracts-upgradeable/lib/openzeppelin-contracts/contracts/utils/Strings.sol
DA:13,0
end_of_record

SF:/Users/markjonathas/Desktop/test_changes/evm-m-extensions/lib/common/lib/openzeppelin-contracts-upgradeable/lib/openzeppelin-contracts/contracts/utils/introspection/ERC165.sol
DA:24,0
DA:25,0
end_of_record

SF:/Users/markjonathas/Desktop/test_changes/evm-m-extensions/lib/common/lib/openzeppelin-contracts-upgradeable/lib/openzeppelin-contracts/contracts/utils/introspection/IERC165.sol
end_of_record

SF:/Users/markjonathas/Desktop/test_changes/evm-m-extensions/lib/common/lib/openzeppelin-contracts-upgradeable/lib/openzeppelin-contracts/contracts/utils/math/Math.sol
DA:12,0
end_of_record

SF:/Users/markjonathas/Desktop/test_changes/evm-m-extensions/lib/common/lib/openzeppelin-contracts-upgradeable/lib/openzeppelin-contracts/contracts/utils/math/SafeCast.sol
DA:19,0
end_of_record

SF:/Users/markjonathas/Desktop/test_changes/evm-m-extensions/lib/common/lib/openzeppelin-contracts-upgradeable/lib/openzeppelin-contracts/contracts/utils/math/SignedMath.sol
DA:11,0
end_of_record

SF:/Users/markjonathas/Desktop/test_changes/evm-m-extensions/lib/common/src/ERC20Extended.sol
DA:25,0
DA:28,0
DA:34,0
DA:44,38
DA:45,15
DA:46,11
DA:52,0
DA:53,0
DA:54,0
DA:58,0
DA:67,0
DA:71,0
DA:78,0
DA:82,0
DA:83,0
DA:84,0
DA:88,0
DA:89,0
DA:91,0
DA:92,0
DA:95,0
DA:99,0
DA:101,0
DA:107,0
DA:108,0
DA:112,0
DA:113,0
DA:124,0
DA:125,0
DA:126,0
DA:135,0
DA:136,0
DA:147,0
DA:152,0
DA:153,0
DA:155,0
DA:159,0
DA:160,0
DA:161,0
end_of_record

SF:/Users/markjonathas/Desktop/test_changes/evm-m-extensions/lib/common/src/ERC20ExtendedUpgradeable.sol
DA:22,4
DA:24,3
DA:46,0
DA:50,5
DA:54,1
DA:55,5
DA:57,7
DA:59,23
DA:60,13
DA:66,0
DA:67,0
DA:68,0
DA:72,0
DA:81,0
DA:85,0
DA:92,0
DA:96,0
DA:97,0
DA:98,0
DA:102,0
DA:103,0
DA:104,0
DA:106,0
DA:107,0
DA:110,0
DA:114,0
DA:116,0
DA:122,0
DA:123,0
DA:127,0
DA:128,0
DA:132,0
DA:133,0
DA:137,0
DA:138,0
DA:149,0
DA:150,0
DA:151,0
DA:161,0
DA:167,0
DA:178,0
DA:183,0
DA:184,0
DA:186,0
DA:190,0
DA:191,0
DA:192,0
DA:193,0
DA:194,0
DA:195,0
DA:196,0
DA:197,0
DA:198,0
DA:199,0
end_of_record

SF:/Users/markjonathas/Desktop/test_changes/evm-m-extensions/lib/common/src/ERC3009.sol
DA:20,0
DA:21,0
DA:26,0
DA:27,0
DA:33,0
DA:34,0
DA:37,0
DA:45,2
DA:50,0
DA:59,0
DA:60,0
DA:61,0
DA:62,0
DA:65,0
DA:69,0
DA:79,0
DA:80,0
DA:81,0
DA:82,0
DA:83,0
DA:86,0
DA:90,0
DA:101,0
DA:102,0
DA:103,0
DA:104,0
DA:105,0
DA:106,0
DA:109,0
DA:113,0
DA:122,0
DA:123,0
DA:124,0
DA:125,0
DA:128,0
DA:132,0
DA:142,0
DA:143,0
DA:144,0
DA:145,0
DA:146,0
DA:149,0
DA:153,0
DA:164,0
DA:165,0
DA:166,0
DA:167,0
DA:168,0
DA:169,0
DA:172,0
DA:176,0
DA:177,0
DA:178,0
DA:182,0
DA:183,0
DA:184,0
DA:188,0
DA:189,0
DA:190,0
DA:204,0
DA:212,0
DA:213,0
DA:215,0
DA:217,0
DA:219,0
DA:221,0
DA:233,0
DA:241,0
DA:243,0
DA:251,0
DA:252,0
DA:254,0
DA:256,0
DA:279,0
DA:286,0
DA:287,0
DA:288,0
DA:289,0
DA:290,0
DA:291,0
DA:292,0
DA:293,0
DA:294,0
DA:295,0
DA:296,0
DA:297,0
DA:313,0
DA:320,0
DA:321,0
DA:322,0
DA:323,0
DA:324,0
DA:325,0
DA:326,0
DA:327,0
DA:328,0
DA:329,0
DA:330,0
DA:331,0
DA:343,0
DA:344,0
DA:352,0
DA:353,0
end_of_record

SF:/Users/markjonathas/Desktop/test_changes/evm-m-extensions/lib/common/src/ERC3009Upgradeable.sol
DA:20,0
DA:22,0
DA:38,0
DA:39,0
DA:44,0
DA:45,0
DA:51,0
DA:52,0
DA:60,3
DA:61,5
DA:67,0
DA:76,0
DA:77,0
DA:78,0
DA:79,0
DA:82,0
DA:86,0
DA:96,0
DA:97,0
DA:98,0
DA:99,0
DA:100,0
DA:103,0
DA:107,0
DA:118,0
DA:119,0
DA:120,0
DA:121,0
DA:122,0
DA:123,0
DA:126,0
DA:130,0
DA:139,0
DA:140,0
DA:141,0
DA:142,0
DA:145,0
DA:149,0
DA:159,0
DA:160,0
DA:161,0
DA:162,0
DA:163,0
DA:166,0
DA:170,0
DA:181,0
DA:182,0
DA:183,0
DA:184,0
DA:185,0
DA:186,0
DA:189,0
DA:193,0
DA:194,0
DA:195,0
DA:199,0
DA:200,0
DA:201,0
DA:205,0
DA:206,0
DA:207,0
DA:213,0
DA:214,0
DA:228,0
DA:236,0
DA:237,0
DA:239,0
DA:241,0
DA:243,0
DA:245,0
DA:257,0
DA:265,0
DA:267,0
DA:275,0
DA:276,0
DA:278,0
DA:280,0
DA:303,0
DA:310,0
DA:311,0
DA:312,0
DA:313,0
DA:314,0
DA:315,0
DA:316,0
DA:317,0
DA:318,0
DA:319,0
DA:320,0
DA:321,0
DA:337,0
DA:344,0
DA:345,0
DA:346,0
DA:347,0
DA:348,0
DA:349,0
DA:350,0
DA:351,0
DA:352,0
DA:353,0
DA:354,0
DA:355,0
DA:367,0
DA:368,0
DA:376,0
DA:377,0
end_of_record

SF:/Users/markjonathas/Desktop/test_changes/evm-m-extensions/lib/common/src/ERC712Extended.sol
DA:20,1
DA:23,1
DA:40,1
DA:41,15
DA:43,7
DA:44,14
DA:50,0
DA:55,0
DA:56,0
DA:57,0
DA:58,0
DA:59,0
DA:60,0
DA:61,0
DA:64,0
DA:66,0
DA:68,0
DA:69,0
DA:70,0
DA:71,0
DA:76,0
DA:77,0
DA:86,4
DA:87,2
DA:88,6
DA:89,26
DA:90,2
DA:91,16
DA:92,2
DA:93,1
DA:94,1
DA:104,0
DA:105,0
DA:112,0
DA:113,0
DA:125,0
DA:126,0
DA:128,0
DA:130,0
DA:132,0
DA:163,0
DA:164,0
DA:175,0
DA:182,0
DA:189,0
DA:190,0
DA:191,0
DA:192,0
DA:193,0
DA:194,0
DA:195,0
DA:197,0
end_of_record

SF:/Users/markjonathas/Desktop/test_changes/evm-m-extensions/lib/common/src/ERC712ExtendedUpgradeable.sol
DA:24,4
DA:26,3
DA:40,1
DA:43,1
DA:51,4
DA:52,7
DA:54,13
DA:55,8
DA:56,11
DA:62,0
DA:67,0
DA:68,0
DA:69,0
DA:70,0
DA:71,0
DA:72,0
DA:73,0
DA:76,0
DA:78,0
DA:80,0
DA:81,0
DA:82,0
DA:83,0
DA:88,0
DA:89,0
DA:90,0
DA:99,4
DA:100,2
DA:101,6
DA:102,26
DA:103,2
DA:104,21
DA:105,2
DA:106,1
DA:107,1
DA:117,0
DA:118,0
DA:125,0
DA:126,0
DA:138,0
DA:139,0
DA:141,0
DA:143,0
DA:145,0
DA:176,0
DA:177,0
DA:188,0
DA:195,0
DA:202,0
DA:203,0
DA:204,0
DA:205,0
DA:206,0
DA:207,0
DA:208,0
DA:210,0
end_of_record

SF:/Users/markjonathas/Desktop/test_changes/evm-m-extensions/lib/common/src/StatefulERC712.sol
DA:16,0
DA:22,2
end_of_record

SF:/Users/markjonathas/Desktop/test_changes/evm-m-extensions/lib/common/src/StatefulERC712Upgradeable.sol
DA:19,0
DA:22,0
DA:25,0
DA:46,3
DA:47,5
DA:53,0
DA:54,0
end_of_record

SF:/Users/markjonathas/Desktop/test_changes/evm-m-extensions/lib/common/src/interfaces/IERC1271.sol
end_of_record

SF:/Users/markjonathas/Desktop/test_changes/evm-m-extensions/lib/common/src/interfaces/IERC20.sol
end_of_record

SF:/Users/markjonathas/Desktop/test_changes/evm-m-extensions/lib/common/src/interfaces/IERC20Extended.sol
end_of_record

SF:/Users/markjonathas/Desktop/test_changes/evm-m-extensions/lib/common/src/interfaces/IERC3009.sol
end_of_record

SF:/Users/markjonathas/Desktop/test_changes/evm-m-extensions/lib/common/src/interfaces/IERC712.sol
end_of_record

SF:/Users/markjonathas/Desktop/test_changes/evm-m-extensions/lib/common/src/interfaces/IERC712Extended.sol
end_of_record

SF:/Users/markjonathas/Desktop/test_changes/evm-m-extensions/lib/common/src/interfaces/IStatefulERC712.sol
end_of_record

SF:/Users/markjonathas/Desktop/test_changes/evm-m-extensions/lib/common/src/libs/Bytes32String.sol
DA:9,0
DA:10,6
DA:11,30
DA:14,6
DA:15,1
DA:17,34
DA:18,8
DA:21,53
DA:23,17
DA:24,34
DA:27,5
end_of_record

SF:/Users/markjonathas/Desktop/test_changes/evm-m-extensions/lib/common/src/libs/ContinuousIndexingMath.sol
DA:11,0
DA:18,1
DA:21,4
DA:29,7
DA:31,16
DA:51,7
DA:55,20
DA:68,6
DA:72,10
DA:77,24
DA:80,16
DA:85,18
DA:94,0
DA:96,0
DA:105,6
DA:107,15
end_of_record

SF:/Users/markjonathas/Desktop/test_changes/evm-m-extensions/lib/common/src/libs/IndexingMath.sol
DA:11,0
DA:15,3
end_of_record

SF:/Users/markjonathas/Desktop/test_changes/evm-m-extensions/lib/common/src/libs/SignatureChecker.sol
DA:11,0
DA:55,0
DA:59,0
DA:60,0
DA:61,0
DA:64,0
DA:65,0
DA:66,0
DA:67,0
DA:77,0
DA:81,0
DA:82,0
DA:83,0
DA:142,0
DA:143,0
DA:145,0
DA:147,0
DA:159,0
DA:162,0
DA:163,0
DA:164,0
DA:177,0
DA:182,0
DA:185,0
DA:186,0
DA:188,0
DA:190,0
DA:192,0
DA:202,0
DA:206,0
DA:207,0
DA:209,0
DA:220,0
DA:225,0
DA:226,0
DA:228,0
DA:240,0
DA:246,0
DA:247,0
DA:249,0
DA:258,0
DA:259,0
end_of_record

SF:/Users/markjonathas/Desktop/test_changes/evm-m-extensions/lib/common/src/libs/UIntMath.sol
DA:9,0
DA:50,6
DA:51,9
DA:52,3
DA:80,0
DA:81,0
DA:82,0
DA:100,0
DA:101,0
DA:102,0
DA:110,0
DA:111,0
DA:128,6
DA:129,10
DA:227,7
DA:228,10
end_of_record

SF:/Users/markjonathas/Desktop/test_changes/evm-m-extensions/lib/forge-std/src/Base.sol
DA:10,0
end_of_record

SF:/Users/markjonathas/Desktop/test_changes/evm-m-extensions/lib/forge-std/src/StdAssertions.sol
DA:8,0
DA:38,0
DA:39,0
DA:40,0
DA:42,0
DA:55,0
DA:56,0
DA:480,0
DA:485,0
end_of_record

SF:/Users/markjonathas/Desktop/test_changes/evm-m-extensions/lib/forge-std/src/StdChains.sol
DA:66,21
end_of_record

SF:/Users/markjonathas/Desktop/test_changes/evm-m-extensions/lib/forge-std/src/StdCheats.sol
end_of_record

SF:/Users/markjonathas/Desktop/test_changes/evm-m-extensions/lib/forge-std/src/StdConstants.sol
DA:7,0
end_of_record

SF:/Users/markjonathas/Desktop/test_changes/evm-m-extensions/lib/forge-std/src/StdError.sol
DA:5,0
DA:6,0
DA:7,0
DA:8,0
DA:9,0
DA:10,0
DA:11,0
DA:12,0
DA:13,0
DA:14,0
end_of_record

SF:/Users/markjonathas/Desktop/test_changes/evm-m-extensions/lib/forge-std/src/StdInvariant.sol
DA:83,0
DA:84,0
DA:87,0
DA:88,0
DA:91,0
DA:92,0
DA:95,0
DA:96,0
DA:99,0
DA:100,0
DA:103,0
DA:104,0
DA:107,0
DA:108,0
DA:111,0
DA:112,0
DA:115,0
DA:116,0
DA:119,0
DA:120,0
end_of_record

SF:/Users/markjonathas/Desktop/test_changes/evm-m-extensions/lib/forge-std/src/StdJson.sol
DA:25,0
end_of_record

SF:/Users/markjonathas/Desktop/test_changes/evm-m-extensions/lib/forge-std/src/StdMath.sol
DA:4,0
end_of_record

SF:/Users/markjonathas/Desktop/test_changes/evm-m-extensions/lib/forge-std/src/StdStorage.sol
DA:24,0
DA:334,0
end_of_record

SF:/Users/markjonathas/Desktop/test_changes/evm-m-extensions/lib/forge-std/src/StdStyle.sol
DA:6,0
end_of_record

SF:/Users/markjonathas/Desktop/test_changes/evm-m-extensions/lib/forge-std/src/StdToml.sol
DA:25,0
end_of_record

SF:/Users/markjonathas/Desktop/test_changes/evm-m-extensions/lib/forge-std/src/StdUtils.sol
end_of_record

SF:/Users/markjonathas/Desktop/test_changes/evm-m-extensions/lib/forge-std/src/Test.sol
DA:33,21
end_of_record

SF:/Users/markjonathas/Desktop/test_changes/evm-m-extensions/lib/forge-std/src/Vm.sol
end_of_record

SF:/Users/markjonathas/Desktop/test_changes/evm-m-extensions/lib/forge-std/src/console.sol
DA:4,0
DA:6,2
DA:8,6
DA:9,6
DA:11,2
DA:12,2
DA:13,2
DA:14,2
DA:15,2
DA:16,6
DA:17,4
DA:18,2
DA:19,2
DA:25,10
DA:27,6
DA:29,6
DA:33,6
DA:34,30
DA:189,3
DA:190,52
DA:201,6
DA:202,100
DA:229,4
DA:230,50
DA:233,0
DA:234,0
DA:237,4
DA:238,50
DA:245,4
DA:246,54
DA:809,0
DA:810,0
end_of_record

SF:/Users/markjonathas/Desktop/test_changes/evm-m-extensions/lib/forge-std/src/console2.sol
end_of_record

SF:/Users/markjonathas/Desktop/test_changes/evm-m-extensions/lib/forge-std/src/interfaces/IMulticall3.sol
end_of_record

SF:/Users/markjonathas/Desktop/test_changes/evm-m-extensions/lib/forge-std/src/safeconsole.sol
DA:6,0
end_of_record

SF:/Users/markjonathas/Desktop/test_changes/evm-m-extensions/lib/fuzzlib/src/FuzzBase.sol
DA:8,43
DA:11,83
end_of_record

SF:/Users/markjonathas/Desktop/test_changes/evm-m-extensions/lib/fuzzlib/src/FuzzLibString.sol
DA:8,0
DA:11,0
DA:12,0
DA:13,0
DA:15,0
DA:16,0
DA:20,6
DA:22,3
DA:26,4
DA:29,3
DA:32,5
DA:35,3
DA:38,1
DA:43,9
DA:45,5
DA:49,7
DA:52,5
DA:55,2
DA:59,3
DA:62,5
DA:65,3
DA:69,0
DA:70,0
DA:71,0
DA:72,0
DA:73,0
DA:75,0
DA:76,0
DA:77,0
DA:78,0
DA:80,0
DA:83,0
DA:84,0
DA:85,0
DA:90,0
DA:93,0
DA:95,0
DA:96,0
DA:97,0
DA:98,0
DA:99,0
DA:100,0
DA:101,0
DA:103,0
DA:107,0
DA:110,0
DA:113,0
DA:115,0
DA:116,0
DA:117,0
DA:118,0
DA:121,0
DA:122,0
DA:123,0
DA:124,0
DA:128,0
DA:129,0
DA:133,0
DA:137,0
DA:141,0
DA:143,0
DA:146,0
DA:149,0
DA:151,0
DA:152,0
end_of_record

SF:/Users/markjonathas/Desktop/test_changes/evm-m-extensions/lib/fuzzlib/src/Fuzzlib.sol
DA:11,133
end_of_record

SF:/Users/markjonathas/Desktop/test_changes/evm-m-extensions/lib/fuzzlib/src/helpers/HelperAssert.sol
DA:18,0
DA:19,0
DA:20,0
DA:21,0
DA:26,0
DA:31,0
DA:32,0
DA:33,0
DA:34,0
DA:35,0
DA:36,0
DA:41,0
DA:46,0
DA:47,0
DA:48,0
DA:49,0
DA:50,0
DA:51,0
DA:56,0
DA:61,0
DA:62,0
DA:63,0
DA:64,0
DA:65,0
DA:66,0
DA:71,0
DA:76,0
DA:77,0
DA:78,0
DA:79,0
DA:80,0
DA:81,0
DA:86,0
DA:91,0
DA:92,0
DA:93,0
DA:94,0
DA:95,0
DA:96,0
DA:97,0
DA:98,0
DA:103,0
DA:108,0
DA:109,0
DA:110,0
DA:111,0
DA:112,0
DA:113,0
DA:118,0
DA:123,0
DA:124,0
DA:125,0
DA:126,0
DA:127,0
DA:128,0
DA:133,0
DA:138,0
DA:139,0
DA:140,0
DA:141,0
DA:142,0
DA:143,0
DA:148,0
DA:153,0
DA:154,0
DA:155,0
DA:156,0
DA:157,0
DA:158,0
DA:163,0
DA:168,0
DA:169,0
DA:170,0
DA:171,0
DA:172,0
DA:173,0
DA:178,0
DA:183,0
DA:184,0
DA:185,0
DA:186,0
DA:187,0
DA:188,0
DA:193,0
DA:198,0
DA:199,0
DA:200,0
DA:201,0
DA:202,0
DA:203,0
DA:208,0
DA:213,0
DA:214,0
DA:215,0
DA:216,0
DA:217,0
DA:218,0
DA:223,0
DA:228,0
DA:229,0
DA:230,0
DA:231,0
DA:232,0
DA:233,0
DA:238,0
DA:243,0
DA:244,0
DA:245,0
DA:246,0
DA:247,0
DA:248,0
DA:252,0
DA:255,0
DA:256,0
DA:257,0
DA:260,0
DA:263,0
DA:264,0
DA:265,0
DA:268,0
DA:272,0
DA:273,0
DA:274,0
DA:275,0
DA:276,0
DA:278,0
DA:281,0
DA:286,0
DA:287,0
DA:288,0
DA:289,0
DA:290,0
DA:291,0
DA:293,0
DA:296,0
DA:302,0
DA:303,0
DA:304,0
DA:305,0
DA:306,0
DA:307,0
DA:308,0
DA:309,0
DA:311,0
DA:313,0
DA:315,0
DA:318,0
DA:321,0
DA:325,0
DA:326,0
DA:327,0
DA:328,0
DA:329,0
DA:330,0
DA:333,0
DA:336,0
DA:340,0
DA:341,0
DA:342,0
DA:343,0
DA:344,0
DA:345,0
DA:346,0
DA:347,0
DA:350,0
DA:353,0
DA:354,0
end_of_record

SF:/Users/markjonathas/Desktop/test_changes/evm-m-extensions/lib/fuzzlib/src/helpers/HelperBase.sol
DA:6,0
DA:7,0
DA:9,22
DA:10,21
end_of_record

SF:/Users/markjonathas/Desktop/test_changes/evm-m-extensions/lib/fuzzlib/src/helpers/HelperClamp.sol
DA:18,40
DA:22,1
DA:23,10
DA:27,0
DA:31,0
DA:32,0
DA:36,0
DA:37,0
DA:41,0
DA:42,0
DA:46,0
DA:47,0
DA:51,0
DA:52,0
DA:56,0
DA:57,0
DA:61,0
DA:62,0
DA:66,0
DA:67,0
DA:71,0
DA:72,0
DA:82,42
DA:87,1
DA:88,15
DA:89,32
DA:90,8
DA:91,8
DA:92,8
DA:93,26
DA:95,1
DA:97,1
DA:99,17
DA:101,6
DA:103,3
DA:107,0
DA:112,0
DA:113,0
DA:114,0
DA:115,0
DA:116,0
DA:117,0
DA:118,0
DA:119,0
DA:120,0
DA:121,0
DA:123,0
DA:125,0
DA:127,0
DA:129,0
DA:131,0
DA:135,0
DA:139,0
DA:140,0
DA:141,0
DA:142,0
DA:143,0
DA:146,0
DA:147,0
DA:148,0
DA:149,0
DA:150,0
DA:152,0
DA:154,0
DA:156,0
DA:158,0
DA:160,0
DA:164,0
DA:168,0
DA:169,0
DA:170,0
DA:171,0
DA:172,0
DA:173,0
DA:174,0
DA:176,0
DA:178,0
DA:180,0
DA:182,0
DA:184,0
DA:188,0
DA:192,0
DA:193,0
DA:194,0
DA:195,0
DA:196,0
DA:197,0
DA:198,0
DA:200,0
DA:202,0
DA:204,0
DA:206,0
DA:208,0
DA:212,0
DA:216,0
DA:217,0
DA:218,0
DA:219,0
DA:220,0
DA:221,0
DA:222,0
DA:224,0
DA:226,0
DA:228,0
DA:230,0
DA:232,0
DA:236,0
DA:240,0
DA:241,0
DA:242,0
DA:243,0
DA:244,0
DA:247,0
DA:248,0
DA:249,0
DA:250,0
DA:251,0
DA:253,0
DA:255,0
DA:257,0
DA:259,0
DA:261,0
DA:266,0
DA:270,0
DA:271,0
DA:272,0
DA:273,0
DA:274,0
DA:275,0
DA:276,0
DA:278,0
DA:280,0
DA:282,0
DA:284,0
DA:286,0
DA:291,0
DA:295,0
DA:296,0
DA:297,0
DA:298,0
DA:299,0
DA:300,0
DA:301,0
DA:303,0
DA:305,0
DA:307,0
DA:309,0
DA:311,0
DA:315,0
DA:319,0
DA:320,0
DA:321,0
DA:322,0
DA:323,0
DA:324,0
DA:325,0
DA:327,0
DA:329,0
DA:331,0
DA:333,0
DA:335,0
end_of_record

SF:/Users/markjonathas/Desktop/test_changes/evm-m-extensions/lib/fuzzlib/src/helpers/HelperLog.sol
DA:7,0
DA:8,0
DA:11,0
DA:12,0
DA:15,0
DA:16,0
DA:19,0
DA:20,0
DA:23,0
DA:24,0
DA:27,0
DA:28,0
DA:31,0
DA:32,0
DA:35,0
DA:36,0
DA:39,0
DA:40,0
DA:43,0
DA:44,0
DA:47,0
DA:48,0
DA:51,0
DA:52,0
DA:55,0
DA:56,0
DA:59,0
DA:60,0
DA:63,0
DA:64,0
DA:67,0
DA:68,0
DA:71,0
DA:72,0
end_of_record

SF:/Users/markjonathas/Desktop/test_changes/evm-m-extensions/lib/fuzzlib/src/helpers/HelperMath.sol
DA:5,0
DA:6,0
DA:9,0
DA:10,0
DA:14,0
DA:15,0
DA:19,0
DA:20,0
DA:23,0
DA:24,0
DA:27,0
DA:28,0
DA:31,0
DA:32,0
end_of_record

SF:/Users/markjonathas/Desktop/test_changes/evm-m-extensions/lib/fuzzlib/src/helpers/HelperRandom.sol
DA:7,0
DA:11,0
DA:12,0
DA:14,0
DA:15,0
DA:17,0
DA:18,0
end_of_record

SF:/Users/markjonathas/Desktop/test_changes/evm-m-extensions/lib/fuzzlib/src/libraries/LibLog.sol
DA:4,0
DA:23,0
DA:24,0
DA:27,0
DA:28,0
DA:31,0
DA:32,0
DA:35,0
DA:36,0
DA:39,0
DA:40,0
DA:43,0
DA:44,0
DA:47,0
DA:48,0
DA:51,0
DA:52,0
DA:55,0
DA:56,0
DA:59,0
DA:60,0
DA:63,0
DA:64,0
DA:67,0
DA:68,0
DA:71,0
DA:72,0
DA:75,0
DA:76,0
DA:79,0
DA:80,0
DA:83,0
DA:84,0
end_of_record

SF:/Users/markjonathas/Desktop/test_changes/evm-m-extensions/lib/fuzzlib/src/platform/IPlatform.sol
end_of_record

SF:/Users/markjonathas/Desktop/test_changes/evm-m-extensions/lib/fuzzlib/src/platform/PlatformCrytic.sol
DA:7,17
DA:8,0
DA:9,0
end_of_record

SF:/Users/markjonathas/Desktop/test_changes/evm-m-extensions/lib/openzeppelin-foundry-upgrades/src/Defender.sol
DA:11,0
end_of_record

SF:/Users/markjonathas/Desktop/test_changes/evm-m-extensions/lib/openzeppelin-foundry-upgrades/src/Options.sol
end_of_record

SF:/Users/markjonathas/Desktop/test_changes/evm-m-extensions/lib/openzeppelin-foundry-upgrades/src/Upgrades.sol
DA:19,0
DA:393,0
DA:401,7
DA:402,34
end_of_record

SF:/Users/markjonathas/Desktop/test_changes/evm-m-extensions/lib/openzeppelin-foundry-upgrades/src/internal/Core.sol
DA:23,0
end_of_record

SF:/Users/markjonathas/Desktop/test_changes/evm-m-extensions/lib/openzeppelin-foundry-upgrades/src/internal/DefenderDeploy.sol
DA:19,0
end_of_record

SF:/Users/markjonathas/Desktop/test_changes/evm-m-extensions/lib/openzeppelin-foundry-upgrades/src/internal/StringFinder.sol
DA:11,0
end_of_record

SF:/Users/markjonathas/Desktop/test_changes/evm-m-extensions/lib/openzeppelin-foundry-upgrades/src/internal/Utils.sol
DA:35,0
end_of_record

SF:/Users/markjonathas/Desktop/test_changes/evm-m-extensions/lib/openzeppelin-foundry-upgrades/src/internal/Versions.sol
DA:4,0
end_of_record

SF:/Users/markjonathas/Desktop/test_changes/evm-m-extensions/lib/openzeppelin-foundry-upgrades/src/internal/interfaces/IProxyAdmin.sol
end_of_record

SF:/Users/markjonathas/Desktop/test_changes/evm-m-extensions/lib/openzeppelin-foundry-upgrades/src/internal/interfaces/IUpgradeableBeacon.sol
end_of_record

SF:/Users/markjonathas/Desktop/test_changes/evm-m-extensions/lib/openzeppelin-foundry-upgrades/src/internal/interfaces/IUpgradeableProxy.sol
end_of_record

SF:/Users/markjonathas/Desktop/test_changes/evm-m-extensions/lib/uniswap-v4-periphery/src/base/ReentrancyLock.sol
DA:7,0
DA:11,0
DA:12,0
DA:14,0
DA:17,0
DA:18,0
end_of_record

SF:/Users/markjonathas/Desktop/test_changes/evm-m-extensions/lib/uniswap-v4-periphery/src/interfaces/IMsgSender.sol
end_of_record

SF:/Users/markjonathas/Desktop/test_changes/evm-m-extensions/lib/uniswap-v4-periphery/src/libraries/Locker.sol
DA:6,0
DA:10,0
DA:12,0
DA:16,0
DA:18,0
end_of_record

SF:/Users/markjonathas/Desktop/test_changes/evm-m-extensions/node_modules/@openzeppelin/contracts-v4/token/ERC20/IERC20.sol
end_of_record

SF:/Users/markjonathas/Desktop/test_changes/evm-m-extensions/node_modules/@openzeppelin/contracts-v4/token/ERC20/extensions/IERC20Permit.sol
end_of_record

SF:/Users/markjonathas/Desktop/test_changes/evm-m-extensions/node_modules/@openzeppelin/contracts-v4/token/ERC721/ERC721.sol
DA:19,0
DA:44,2
DA:45,11
DA:46,11
DA:52,0
DA:53,0
DA:54,0
DA:55,0
DA:56,0
DA:62,0
DA:63,0
DA:64,0
DA:70,0
DA:71,0
DA:72,0
DA:73,0
DA:79,0
DA:80,0
DA:86,0
DA:87,0
DA:93,0
DA:94,0
DA:96,0
DA:97,0
DA:105,0
DA:106,0
DA:112,0
DA:113,0
DA:114,0
DA:116,0
DA:117,0
DA:121,0
DA:127,0
DA:128,0
DA:130,0
DA:136,0
DA:137,0
DA:143,0
DA:144,0
DA:150,0
DA:152,0
DA:154,0
DA:160,0
DA:161,0
DA:167,0
DA:168,0
DA:169,0
DA:190,0
DA:191,0
DA:192,0
DA:198,0
DA:199,0
DA:210,0
DA:211,0
DA:221,0
DA:222,0
DA:223,0
DA:264,0
DA:265,0
DA:266,0
DA:268,0
DA:271,0
DA:278,0
DA:281,0
DA:283,0
DA:285,0
DA:299,0
DA:300,0
DA:302,0
DA:305,0
DA:308,0
DA:313,0
DA:315,0
DA:317,0
DA:319,0
DA:333,0
DA:334,0
DA:335,0
DA:337,0
DA:340,0
DA:343,0
DA:351,0
DA:352,0
DA:354,0
DA:356,0
DA:358,0
DA:366,0
DA:367,0
DA:368,0
DA:376,0
DA:377,0
DA:378,0
DA:379,0
DA:385,0
DA:386,0
DA:399,0
DA:404,0
DA:405,0
DA:406,0
DA:407,0
DA:409,0
DA:410,0
DA:414,0
DA:419,0
DA:437,0
DA:453,0
end_of_record

SF:/Users/markjonathas/Desktop/test_changes/evm-m-extensions/node_modules/@openzeppelin/contracts-v4/token/ERC721/IERC721.sol
end_of_record

SF:/Users/markjonathas/Desktop/test_changes/evm-m-extensions/node_modules/@openzeppelin/contracts-v4/token/ERC721/IERC721Receiver.sol
end_of_record

SF:/Users/markjonathas/Desktop/test_changes/evm-m-extensions/node_modules/@openzeppelin/contracts-v4/token/ERC721/extensions/ERC721Enumerable.sol
DA:30,0
DA:31,0
DA:37,0
DA:38,0
DA:39,0
DA:45,0
DA:46,0
DA:52,0
DA:53,0
DA:54,0
DA:60,0
DA:65,0
DA:66,0
DA:68,0
DA:70,0
DA:73,0
DA:75,0
DA:76,0
DA:77,0
DA:78,0
DA:80,0
DA:81,0
DA:82,0
DA:83,0
DA:92,0
DA:93,0
DA:94,0
DA:95,0
DA:102,0
DA:103,0
DA:104,0
DA:115,0
DA:119,0
DA:120,0
DA:123,0
DA:124,0
DA:126,0
DA:127,0
DA:131,0
DA:132,0
DA:140,0
DA:144,0
DA:145,0
DA:150,0
DA:152,0
DA:153,0
DA:156,0
DA:157,0
end_of_record

SF:/Users/markjonathas/Desktop/test_changes/evm-m-extensions/node_modules/@openzeppelin/contracts-v4/token/ERC721/extensions/IERC721Enumerable.sol
end_of_record

SF:/Users/markjonathas/Desktop/test_changes/evm-m-extensions/node_modules/@openzeppelin/contracts-v4/token/ERC721/extensions/IERC721Metadata.sol
end_of_record

SF:/Users/markjonathas/Desktop/test_changes/evm-m-extensions/node_modules/@openzeppelin/contracts-v4/utils/Address.sol
DA:9,0
DA:40,0
DA:45,0
end_of_record

SF:/Users/markjonathas/Desktop/test_changes/evm-m-extensions/node_modules/@openzeppelin/contracts-v4/utils/Context.sol
DA:17,0
DA:18,0
end_of_record

SF:/Users/markjonathas/Desktop/test_changes/evm-m-extensions/node_modules/@openzeppelin/contracts-v4/utils/Strings.sol
DA:12,0
DA:19,0
DA:21,0
DA:22,0
DA:23,0
DA:26,0
DA:28,0
DA:29,0
DA:32,0
DA:34,0
DA:35,0
DA:37,0
end_of_record

SF:/Users/markjonathas/Desktop/test_changes/evm-m-extensions/node_modules/@openzeppelin/contracts-v4/utils/introspection/ERC165.sol
DA:26,0
DA:27,0
end_of_record

SF:/Users/markjonathas/Desktop/test_changes/evm-m-extensions/node_modules/@openzeppelin/contracts-v4/utils/introspection/IERC165.sol
end_of_record

SF:/Users/markjonathas/Desktop/test_changes/evm-m-extensions/node_modules/@openzeppelin/contracts-v4/utils/math/Math.sol
DA:9,0
DA:252,0
DA:253,0
DA:255,0
DA:256,0
DA:257,0
DA:259,0
DA:260,0
DA:261,0
DA:263,0
DA:264,0
DA:265,0
DA:267,0
DA:268,0
DA:269,0
DA:271,0
DA:272,0
DA:273,0
DA:275,0
DA:276,0
DA:277,0
DA:279,0
DA:280,0
DA:283,0
end_of_record

SF:/Users/markjonathas/Desktop/test_changes/evm-m-extensions/node_modules/@openzeppelin/contracts-v4/utils/math/SignedMath.sol
DA:9,0
end_of_record

SF:/Users/markjonathas/Desktop/test_changes/evm-m-extensions/src/MExtension.sol
DA:23,0
DA:27,0
DA:33,0
DA:46,2
DA:47,8
DA:49,19
DA:50,19
DA:60,4
DA:61,7
DA:67,0
DA:70,0
DA:74,0
DA:78,0
DA:82,8
DA:83,8
DA:85,20
DA:87,45
DA:91,0
DA:92,0
DA:94,0
DA:96,0
DA:102,4
DA:103,61
DA:107,4
DA:108,68
DA:122,0
DA:130,0
DA:137,0
DA:145,0
DA:155,0
DA:157,0
DA:159,0
DA:168,0
DA:169,0
DA:170,0
DA:173,0
DA:177,0
DA:186,0
DA:194,0
DA:195,0
DA:198,0
DA:200,0
DA:208,0
DA:212,0
DA:243,0
DA:244,0
DA:247,0
DA:249,0
DA:251,0
DA:253,0
DA:256,0
DA:266,6
DA:267,68
DA:274,0
DA:275,0
DA:282,0
DA:283,0
DA:291,0
DA:292,0
DA:293,0
end_of_record

SF:/Users/markjonathas/Desktop/test_changes/evm-m-extensions/src/components/freezable/Freezable.sol
DA:19,0
DA:21,0
DA:36,1
DA:44,3
DA:45,10
DA:46,6
DA:52,0
DA:53,0
DA:57,0
DA:58,0
DA:60,0
DA:61,0
DA:66,0
DA:67,0
DA:71,0
DA:72,0
DA:74,0
DA:75,0
DA:82,0
DA:83,0
DA:93,0
DA:95,0
DA:97,0
DA:99,0
DA:107,0
DA:109,0
DA:111,0
DA:113,0
DA:124,0
DA:125,0
end_of_record

SF:/Users/markjonathas/Desktop/test_changes/evm-m-extensions/src/components/freezable/IFreezable.sol
end_of_record

SF:/Users/markjonathas/Desktop/test_changes/evm-m-extensions/src/components/pausable/IPausable.sol
end_of_record

SF:/Users/markjonathas/Desktop/test_changes/evm-m-extensions/src/components/pausable/Pausable.sol
DA:20,1
DA:28,3
DA:29,10
DA:30,6
DA:36,0
DA:37,0
DA:41,0
DA:42,0
end_of_record

SF:/Users/markjonathas/Desktop/test_changes/evm-m-extensions/src/interfaces/IMExtension.sol
end_of_record

SF:/Users/markjonathas/Desktop/test_changes/evm-m-extensions/src/interfaces/IMTokenLike.sol
end_of_record

SF:/Users/markjonathas/Desktop/test_changes/evm-m-extensions/src/interfaces/IMinterGateway.sol
end_of_record

SF:/Users/markjonathas/Desktop/test_changes/evm-m-extensions/src/interfaces/ITTGRegistar.sol
end_of_record

SF:/Users/markjonathas/Desktop/test_changes/evm-m-extensions/src/libs/IndexingMath.sol
DA:11,0
DA:15,2
DA:30,7
DA:32,16
DA:42,7
DA:44,21
DA:54,0
DA:55,0
DA:63,0
DA:73,0
DA:74,0
DA:82,0
DA:93,0
DA:97,0
DA:98,0
DA:99,0
end_of_record

SF:/Users/markjonathas/Desktop/test_changes/evm-m-extensions/src/libs/TTGRegistrarReader.sol
DA:11,0
DA:56,0
DA:57,0
DA:126,0
DA:127,0
DA:136,0
DA:137,0
end_of_record

SF:/Users/markjonathas/Desktop/test_changes/evm-m-extensions/src/projects/earnerManager/IMEarnerManager.sol
end_of_record

SF:/Users/markjonathas/Desktop/test_changes/evm-m-extensions/src/projects/earnerManager/MEarnerManager.sol
DA:53,4
DA:55,3
DA:64,0
DA:68,1
DA:71,1
DA:82,4
DA:94,7
DA:101,10
DA:102,10
DA:104,6
DA:106,5
DA:108,8
DA:109,6
DA:115,0
DA:116,0
DA:120,0
DA:125,0
DA:126,0
DA:128,0
DA:129,0
DA:134,0
DA:135,0
DA:139,11
DA:140,10
DA:142,17
DA:144,16
DA:147,0
DA:148,0
DA:150,0
DA:154,0
DA:155,0
DA:158,0
DA:160,0
DA:163,0
DA:164,0
DA:167,0
DA:171,0
DA:173,0
DA:174,0
DA:177,0
DA:178,0
DA:179,0
DA:182,0
DA:183,0
DA:188,9
DA:189,7
DA:191,17
DA:193,23
DA:195,20
DA:197,45
DA:201,0
DA:202,0
DA:204,0
DA:206,0
DA:208,0
DA:214,0
DA:215,0
DA:217,0
DA:221,43
DA:223,3
DA:224,26
DA:226,27
DA:227,16
DA:229,25
DA:232,0
DA:233,0
DA:238,39
DA:239,14
DA:243,39
DA:244,13
DA:248,0
DA:250,0
DA:255,39
DA:256,28
DA:260,24
DA:261,9
DA:265,24
DA:266,14
DA:270,4
DA:271,18
DA:275,0
DA:276,0
DA:280,0
DA:281,0
DA:285,0
DA:286,0
DA:290,0
DA:291,0
DA:295,4
DA:296,7
DA:297,71
DA:301,4
DA:302,18
DA:306,0
DA:307,0
DA:317,0
DA:318,0
DA:320,0
DA:321,0
DA:329,0
DA:330,0
DA:332,0
DA:334,0
DA:335,0
DA:342,0
DA:343,0
DA:351,0
DA:352,0
DA:354,0
DA:356,0
DA:357,0
DA:370,6
DA:371,10
DA:372,10
DA:373,16
DA:375,26
DA:376,16
DA:379,14
DA:382,15
DA:384,22
DA:388,8
DA:391,12
DA:392,23
DA:393,23
DA:394,4
DA:397,0
DA:399,0
DA:401,0
DA:404,0
DA:414,5
DA:415,10
DA:417,7
DA:419,22
DA:422,7
DA:424,23
DA:426,13
DA:434,0
DA:435,0
DA:436,0
DA:439,0
DA:444,0
DA:445,0
DA:447,0
DA:449,0
DA:452,0
DA:460,0
DA:461,0
DA:462,0
DA:465,0
DA:466,0
DA:471,0
DA:472,0
DA:474,0
DA:475,0
DA:478,0
DA:487,0
DA:488,0
DA:489,0
DA:490,0
DA:493,0
DA:494,0
DA:499,0
DA:500,0
DA:502,0
DA:503,0
DA:516,9
DA:517,12
DA:519,0
DA:521,0
DA:528,0
DA:529,0
end_of_record

SF:/Users/markjonathas/Desktop/test_changes/evm-m-extensions/src/projects/jmi/IJMIExtension.sol
end_of_record

SF:/Users/markjonathas/Desktop/test_changes/evm-m-extensions/src/projects/jmi/JMIExtension.sol
DA:54,4
DA:56,3
DA:71,224
DA:77,2
DA:80,0
DA:91,34
DA:106,29
DA:116,4
DA:117,1
DA:118,1
DA:119,1
DA:120,1
DA:121,1
DA:122,1
DA:123,1
DA:124,1
DA:139,10
DA:149,10
DA:150,5
DA:152,6
DA:158,0
DA:161,0
DA:165,0
DA:166,0
DA:172,25
DA:173,5
DA:175,7
DA:177,28
DA:180,139
DA:182,27
DA:184,20
DA:190,0
DA:191,0
DA:195,0
DA:196,0
DA:200,0
DA:201,0
DA:205,0
DA:206,0
DA:210,0
DA:211,0
DA:215,0
DA:216,0
DA:219,0
DA:222,0
DA:226,0
DA:227,0
DA:231,0
DA:232,0
DA:236,0
DA:237,0
DA:238,0
DA:241,0
DA:253,0
DA:254,0
DA:256,0
DA:266,0
DA:267,0
DA:269,0
DA:271,0
DA:279,0
DA:280,0
DA:281,0
DA:283,0
DA:292,0
DA:293,0
DA:295,0
DA:300,0
DA:301,0
DA:302,0
DA:303,0
DA:306,0
DA:308,0
DA:311,0
DA:314,0
DA:315,0
DA:317,0
DA:319,0
DA:321,0
DA:322,0
DA:324,0
DA:327,0
DA:328,0
DA:331,0
DA:341,0
DA:342,0
DA:343,0
DA:344,0
DA:345,0
DA:348,0
DA:349,0
DA:350,0
DA:352,0
DA:355,0
DA:356,0
DA:360,0
DA:361,0
DA:363,0
DA:369,0
DA:370,0
DA:371,0
DA:374,0
DA:383,3
DA:384,23
DA:391,0
DA:392,0
DA:393,0
DA:401,0
DA:402,0
DA:403,0
DA:412,0
DA:413,0
DA:422,0
DA:423,0
DA:435,0
DA:436,0
DA:438,0
DA:439,0
DA:440,0
DA:441,0
end_of_record

SF:/Users/markjonathas/Desktop/test_changes/evm-m-extensions/src/projects/yieldToAllWithFee/MYieldFee.sol
DA:48,4
DA:50,3
DA:62,0
DA:66,3
DA:69,1
DA:72,1
DA:83,4
DA:97,9
DA:106,10
DA:107,10
DA:108,10
DA:110,6
DA:112,8
DA:113,6
DA:114,6
DA:116,5
DA:117,5
DA:119,27
DA:125,0
DA:126,0
DA:128,0
DA:130,0
DA:132,0
DA:136,0
DA:137,0
DA:140,0
DA:143,0
DA:144,0
DA:146,0
DA:149,0
DA:151,0
DA:155,0
DA:156,0
DA:158,0
DA:160,0
DA:162,0
DA:165,0
DA:167,0
DA:171,9
DA:172,7
DA:174,17
DA:176,23
DA:179,20
DA:181,45
DA:185,0
DA:186,0
DA:188,0
DA:191,0
DA:194,0
DA:195,0
DA:197,0
DA:201,8
DA:202,7
DA:205,16
DA:208,7
DA:209,7
DA:212,28
DA:215,29
DA:216,23
DA:217,23
DA:219,16
DA:223,0
DA:224,0
DA:227,0
DA:231,0
DA:233,0
DA:235,0
DA:239,0
DA:242,0
DA:243,0
DA:244,0
DA:246,0
DA:248,0
DA:251,0
DA:253,0
DA:255,0
DA:261,0
DA:262,0
DA:263,0
DA:267,39
DA:268,26
DA:272,0
DA:274,0
DA:279,0
DA:280,0
DA:284,25
DA:285,7
DA:287,16
DA:291,3
DA:293,6
DA:294,4
DA:295,13
DA:296,4
DA:297,17
DA:298,18
DA:306,4
DA:307,2
DA:308,8
DA:309,4
DA:310,32
DA:312,0
DA:316,4
DA:317,18
DA:321,24
DA:322,18
DA:326,24
DA:327,18
DA:331,0
DA:332,0
DA:336,24
DA:337,26
DA:341,24
DA:342,7
DA:343,28
DA:347,24
DA:348,8
DA:349,7
DA:352,13
DA:357,0
DA:358,0
DA:362,0
DA:363,0
DA:367,24
DA:368,18
DA:372,0
DA:373,0
DA:377,0
DA:378,0
DA:381,0
DA:391,0
DA:392,0
DA:401,0
DA:402,0
DA:407,0
DA:408,0
DA:410,0
DA:412,0
DA:415,0
DA:423,0
DA:424,0
DA:427,0
DA:428,0
DA:434,0
DA:435,0
DA:437,0
DA:438,0
DA:441,0
DA:450,0
DA:451,0
DA:454,0
DA:455,0
DA:460,0
DA:461,0
DA:463,0
DA:464,0
DA:474,5
DA:475,10
DA:477,7
DA:479,22
DA:481,23
DA:483,17
DA:492,5
DA:493,10
DA:495,7
DA:497,22
DA:499,23
DA:501,13
DA:515,4
DA:516,3
DA:526,4
DA:528,61
DA:538,8
DA:539,9
DA:541,12
end_of_record

SF:/Users/markjonathas/Desktop/test_changes/evm-m-extensions/src/projects/yieldToAllWithFee/interfaces/IContinuousIndexing.sol
end_of_record

SF:/Users/markjonathas/Desktop/test_changes/evm-m-extensions/src/projects/yieldToAllWithFee/interfaces/IMSpokeYieldFee.sol
end_of_record

SF:/Users/markjonathas/Desktop/test_changes/evm-m-extensions/src/projects/yieldToAllWithFee/interfaces/IMYieldFee.sol
end_of_record

SF:/Users/markjonathas/Desktop/test_changes/evm-m-extensions/src/projects/yieldToOne/IMYieldToOne.sol
end_of_record

SF:/Users/markjonathas/Desktop/test_changes/evm-m-extensions/src/projects/yieldToOne/MYieldToOne.sol
DA:24,4
DA:26,3
DA:37,195
DA:41,1
DA:52,4
DA:65,27
DA:73,10
DA:85,8
DA:93,10
DA:94,10
DA:96,6
DA:97,5
DA:99,5
DA:101,8
DA:102,6
DA:108,0
DA:109,0
DA:111,0
DA:113,0
DA:115,0
DA:117,0
DA:119,0
DA:123,0
DA:125,0
DA:127,0
DA:133,39
DA:134,26
DA:138,4
DA:139,9
DA:143,24
DA:145,8
DA:146,7
DA:148,13
DA:153,0
DA:154,0
DA:164,0
DA:165,0
DA:167,0
DA:168,0
DA:176,0
DA:177,0
DA:179,0
DA:180,0
DA:187,0
DA:188,0
DA:196,0
DA:197,0
DA:199,0
DA:201,0
DA:202,0
DA:208,0
DA:217,0
DA:218,0
DA:222,0
DA:223,0
DA:226,0
DA:234,0
DA:235,0
DA:239,0
DA:240,0
DA:243,0
DA:252,0
DA:253,0
DA:257,0
DA:258,0
DA:266,5
DA:267,10
DA:269,7
DA:271,22
DA:273,23
DA:275,13
end_of_record

SF:/Users/markjonathas/Desktop/test_changes/evm-m-extensions/src/swap/ReentrancyLock.sol
DA:23,0
DA:25,0
DA:31,0
DA:34,0
DA:35,0
DA:37,0
DA:39,0
DA:41,0
DA:50,3
DA:51,10
DA:53,8
DA:59,0
DA:60,0
DA:62,0
DA:63,0
DA:65,0
DA:67,0
DA:73,0
DA:74,0
DA:79,0
DA:80,0
end_of_record

SF:/Users/markjonathas/Desktop/test_changes/evm-m-extensions/src/swap/SwapFacility.sol
DA:33,0
DA:35,0
DA:45,156
DA:49,0
DA:52,0
DA:55,0
DA:59,0
DA:63,0
DA:72,32
DA:73,8
DA:75,19
DA:76,19
DA:87,23
DA:88,5
DA:89,5
DA:97,0
DA:98,0
DA:104,0
DA:105,0
DA:109,0
DA:119,0
DA:120,0
DA:124,0
DA:132,0
DA:133,0
DA:137,0
DA:138,0
DA:142,0
DA:143,0
DA:147,0
DA:154,0
DA:158,0
DA:169,0
DA:170,0
DA:174,0
DA:183,0
DA:184,0
DA:190,0
DA:191,0
DA:193,0
DA:195,0
DA:197,0
DA:201,0
DA:205,0
DA:206,0
DA:207,0
DA:209,0
DA:211,0
DA:213,0
DA:217,0
DA:218,0
DA:220,0
DA:222,0
DA:224,0
DA:230,0
DA:231,0
DA:235,0
DA:236,0
DA:240,0
DA:241,0
DA:245,0
DA:246,0
DA:250,0
DA:251,0
DA:255,0
DA:256,0
DA:257,0
DA:260,0
DA:263,0
DA:264,0
DA:266,0
DA:267,0
DA:269,0
DA:273,0
DA:274,0
DA:275,0
DA:280,0
DA:281,0
DA:282,0
DA:287,0
DA:288,0
DA:289,0
DA:294,0
DA:295,0
DA:296,0
DA:298,0
DA:302,0
DA:306,0
DA:307,0
DA:319,0
DA:320,0
DA:324,0
DA:328,0
DA:331,0
DA:332,0
DA:333,0
DA:336,0
DA:339,0
DA:349,0
DA:350,0
DA:351,0
DA:353,0
DA:356,0
DA:360,0
DA:364,0
DA:366,0
DA:367,0
DA:369,0
DA:378,0
DA:379,0
DA:380,0
DA:382,0
DA:383,0
DA:384,0
DA:386,0
DA:396,0
DA:397,0
DA:400,0
DA:401,0
DA:402,0
DA:404,0
DA:415,0
DA:421,0
DA:422,0
DA:423,0
DA:424,0
DA:426,0
DA:428,0
DA:430,0
DA:434,0
DA:438,0
DA:440,0
DA:441,0
DA:443,0
DA:452,0
DA:453,0
DA:454,0
DA:456,0
DA:459,0
DA:463,0
DA:467,0
DA:469,0
DA:471,0
DA:481,0
DA:482,0
DA:489,0
DA:490,0
DA:498,0
DA:499,0
DA:507,0
DA:508,0
DA:509,0
DA:511,0
DA:520,0
DA:521,0
DA:522,0
DA:524,0
DA:533,0
DA:534,0
DA:535,0
DA:536,0
end_of_record

SF:/Users/markjonathas/Desktop/test_changes/evm-m-extensions/src/swap/UniswapV3SwapAdapter.sol
DA:20,126
DA:24,0
DA:27,0
DA:30,0
DA:33,0
DA:36,0
DA:39,0
DA:42,0
DA:45,0
DA:48,0
DA:58,35
DA:65,19
DA:66,19
DA:67,19
DA:69,12
DA:71,18
DA:72,24
DA:76,72
DA:77,72
DA:81,0
DA:88,0
DA:89,0
DA:90,0
DA:91,0
DA:92,0
DA:94,0
DA:96,0
DA:97,0
DA:100,0
DA:101,0
DA:103,0
DA:105,0
DA:106,0
DA:107,0
DA:111,0
DA:113,0
DA:119,0
DA:120,0
DA:121,0
DA:124,0
DA:128,0
DA:135,0
DA:136,0
DA:137,0
DA:138,0
DA:139,0
DA:141,0
DA:143,0
DA:146,0
DA:147,0
DA:148,0
DA:151,0
DA:155,0
DA:156,0
DA:158,0
DA:159,0
DA:160,0
DA:161,0
DA:168,0
DA:169,0
DA:170,0
DA:173,0
DA:177,0
DA:178,0
DA:181,0
DA:182,0
DA:185,5
DA:186,10
DA:187,37
DA:189,38
DA:191,20
DA:200,0
DA:202,0
DA:204,0
DA:205,0
DA:207,0
DA:210,0
DA:211,0
DA:213,0
DA:220,0
DA:221,0
DA:228,0
DA:229,0
DA:236,0
DA:237,0
DA:245,0
DA:246,0
DA:247,0
DA:248,0
DA:257,0
DA:258,0
DA:259,0
DA:260,0
end_of_record

SF:/Users/markjonathas/Desktop/test_changes/evm-m-extensions/src/swap/interfaces/IReentrancyLock.sol
end_of_record

SF:/Users/markjonathas/Desktop/test_changes/evm-m-extensions/src/swap/interfaces/IRegistrarLike.sol
end_of_record

SF:/Users/markjonathas/Desktop/test_changes/evm-m-extensions/src/swap/interfaces/ISwapFacility.sol
end_of_record

SF:/Users/markjonathas/Desktop/test_changes/evm-m-extensions/src/swap/interfaces/IUniswapV3SwapAdapter.sol
end_of_record

SF:/Users/markjonathas/Desktop/test_changes/evm-m-extensions/src/swap/interfaces/uniswap/IV3SwapRouter.sol
end_of_record

SF:/Users/markjonathas/Desktop/test_changes/evm-m-extensions/test/fuzzing/Fuzz.sol
DA:6,934
DA:8,8
end_of_record

SF:/Users/markjonathas/Desktop/test_changes/evm-m-extensions/test/fuzzing/FuzzGuided.sol
DA:12,0
DA:13,27
DA:21,19
DA:23,16
DA:24,62
DA:25,1
DA:26,81
DA:28,62
DA:29,1
DA:30,81
DA:32,74
DA:33,74
DA:34,64
DA:36,64
DA:37,65
DA:38,65
DA:39,145
DA:40,145
DA:41,62
DA:42,1
DA:43,82
DA:56,74
DA:57,74
DA:58,74
DA:59,74
DA:60,64
DA:61,65
DA:62,65
DA:63,65
DA:64,65
DA:65,74
DA:66,74
DA:69,21
end_of_record

SF:/Users/markjonathas/Desktop/test_changes/evm-m-extensions/test/fuzzing/FuzzJMIExtension.sol
DA:7,0
DA:9,0
DA:10,0
DA:12,0
DA:14,0
DA:15,0
DA:16,0
DA:17,0
DA:18,0
DA:21,0
DA:25,0
DA:26,0
DA:28,0
DA:30,0
DA:31,0
DA:32,0
DA:33,0
DA:34,0
DA:37,0
DA:41,0
DA:42,0
DA:44,0
DA:46,0
DA:47,0
DA:48,0
DA:49,0
DA:52,0
DA:56,0
DA:57,0
DA:59,0
DA:61,0
DA:63,0
DA:67,0
DA:68,0
DA:70,0
DA:72,0
DA:74,0
DA:78,0
DA:79,0
DA:81,0
DA:83,0
DA:85,0
DA:89,0
DA:90,0
DA:92,0
DA:94,0
DA:96,0
DA:100,0
DA:101,0
DA:103,0
DA:105,0
DA:107,0
DA:111,0
DA:112,0
DA:114,0
DA:116,0
DA:118,0
DA:122,0
DA:123,0
DA:125,0
DA:127,0
DA:129,0
end_of_record

SF:/Users/markjonathas/Desktop/test_changes/evm-m-extensions/test/fuzzing/FuzzMEarnerManager.sol
DA:7,0
DA:8,18
DA:9,9
DA:11,3
DA:13,0
DA:14,0
DA:15,0
DA:16,0
DA:17,0
DA:20,0
DA:23,18
DA:24,8
DA:26,3
DA:28,0
DA:30,0
DA:33,18
DA:34,8
DA:36,3
DA:38,0
DA:40,0
DA:43,18
DA:44,8
DA:46,3
DA:48,0
DA:50,0
DA:53,18
DA:54,8
DA:56,3
DA:58,0
DA:60,0
DA:63,18
DA:64,8
DA:66,3
DA:68,0
DA:69,0
DA:70,0
DA:71,0
DA:72,0
DA:75,0
DA:78,18
DA:79,8
DA:81,3
DA:83,0
DA:85,0
DA:88,18
DA:89,8
DA:91,3
DA:93,0
DA:95,0
end_of_record

SF:/Users/markjonathas/Desktop/test_changes/evm-m-extensions/test/fuzzing/FuzzMToken.sol
DA:7,0
DA:8,18
DA:9,11
DA:11,3
DA:13,0
DA:15,0
DA:18,18
DA:19,3
DA:20,0
DA:21,0
DA:22,0
DA:23,0
DA:26,18
DA:27,3
DA:28,0
DA:29,0
DA:30,0
DA:31,0
end_of_record

SF:/Users/markjonathas/Desktop/test_changes/evm-m-extensions/test/fuzzing/FuzzMYieldFee.sol
DA:7,0
DA:8,18
DA:9,8
DA:11,3
DA:13,0
DA:15,0
DA:18,18
DA:19,8
DA:21,3
DA:23,0
DA:25,0
DA:28,18
DA:29,8
DA:31,3
DA:33,0
DA:35,0
DA:38,18
DA:39,8
DA:41,3
DA:43,0
DA:45,0
DA:48,18
DA:49,8
DA:51,3
DA:53,0
DA:55,0
DA:58,18
DA:59,8
DA:61,3
DA:63,0
DA:64,0
DA:65,0
DA:66,0
DA:69,0
DA:72,18
DA:73,8
DA:75,3
DA:77,0
DA:79,0
DA:82,18
DA:83,8
DA:85,3
DA:87,0
DA:89,0
DA:92,18
DA:93,8
DA:95,3
DA:97,0
DA:99,0
DA:102,18
DA:103,8
DA:105,3
DA:107,0
DA:109,0
DA:112,18
DA:113,8
DA:115,3
DA:117,0
DA:118,0
DA:119,0
DA:120,0
DA:121,0
DA:124,0
end_of_record

SF:/Users/markjonathas/Desktop/test_changes/evm-m-extensions/test/fuzzing/FuzzMYieldToOne.sol
DA:7,0
DA:8,18
DA:9,8
DA:11,3
DA:13,0
DA:15,0
DA:18,18
DA:19,8
DA:21,3
DA:23,0
DA:25,0
DA:28,18
DA:29,8
DA:31,3
DA:33,0
DA:35,0
DA:38,18
DA:39,8
DA:41,3
DA:43,0
DA:45,0
DA:48,18
DA:49,8
DA:51,3
DA:53,0
DA:55,0
DA:58,18
DA:59,8
DA:61,3
DA:63,0
DA:65,0
DA:68,18
DA:69,8
DA:71,3
DA:73,0
DA:74,0
DA:75,0
DA:76,0
DA:77,0
DA:80,0
end_of_record

SF:/Users/markjonathas/Desktop/test_changes/evm-m-extensions/test/fuzzing/FuzzSetup.sol
DA:14,0
DA:15,0
DA:17,2
DA:18,8
DA:19,8
DA:20,8
DA:21,8
DA:22,8
DA:27,2
DA:28,50
DA:29,35
DA:30,71
DA:31,36
DA:32,72
DA:33,29
DA:34,72
DA:35,43
DA:36,50
DA:37,50
DA:38,56
DA:41,64
DA:42,64
DA:44,62
DA:48,3
DA:49,43
DA:50,27
DA:51,35
DA:52,17
DA:53,25
DA:54,9
DA:56,64
DA:57,74
DA:58,52
DA:59,11
DA:60,11
DA:61,11
DA:62,11
DA:66,4
DA:68,46
DA:69,46
DA:70,10
DA:124,26
DA:125,43
DA:127,20
DA:128,8
DA:129,52
DA:130,69
DA:134,53
DA:135,11
DA:136,11
DA:137,11
DA:138,11
DA:139,1
DA:142,55
DA:143,33
DA:144,1
DA:145,46
DA:146,3
DA:149,11
DA:150,11
DA:151,11
DA:152,11
DA:155,21
DA:157,55
DA:158,33
DA:159,1
DA:160,46
DA:161,3
DA:164,11
DA:165,11
DA:166,11
DA:167,11
DA:170,21
DA:172,55
DA:173,33
DA:174,1
DA:175,46
DA:176,3
DA:179,11
DA:180,11
DA:181,11
DA:182,11
DA:185,21
DA:187,55
DA:188,33
DA:189,1
DA:190,47
DA:191,3
DA:195,11
DA:196,11
DA:197,11
DA:198,11
DA:201,21
DA:203,55
DA:204,33
DA:205,1
DA:206,47
DA:207,3
DA:211,11
DA:212,11
DA:213,11
DA:214,11
DA:217,21
DA:219,55
DA:220,33
DA:221,1
DA:222,47
DA:223,3
DA:227,11
DA:228,11
DA:229,11
DA:230,11
DA:233,21
DA:235,55
DA:236,33
DA:237,1
DA:238,47
DA:239,3
DA:242,11
DA:243,11
DA:244,11
DA:245,11
DA:246,11
DA:249,21
DA:251,55
DA:252,33
DA:253,1
DA:254,45
DA:255,3
DA:258,11
DA:259,11
DA:260,11
DA:263,21
DA:265,55
DA:266,33
DA:267,1
DA:268,45
DA:269,3
DA:272,11
DA:273,11
DA:274,11
DA:277,21
DA:280,55
DA:281,33
DA:282,1
DA:283,48
DA:284,3
DA:287,11
DA:288,11
DA:289,11
DA:290,11
DA:291,11
DA:292,11
DA:295,21
DA:297,55
DA:298,33
DA:299,1
DA:300,48
DA:301,3
DA:304,11
DA:305,11
DA:306,11
DA:307,11
DA:308,11
DA:309,11
DA:312,21
DA:314,55
DA:315,33
DA:316,1
DA:317,48
DA:318,3
DA:321,11
DA:322,11
DA:323,11
DA:324,11
DA:325,11
DA:326,11
DA:329,21
DA:331,75
DA:332,75
DA:333,75
DA:334,75
DA:335,114
DA:336,11
DA:337,11
DA:338,11
DA:339,11
DA:340,11
DA:341,11
DA:342,11
DA:343,11
DA:344,11
DA:345,11
DA:346,11
DA:347,11
DA:350,84
DA:351,60
DA:354,2
DA:355,62
DA:356,62
DA:357,62
DA:359,74
DA:360,74
DA:361,74
DA:362,74
DA:363,74
DA:364,74
DA:365,74
DA:366,74
DA:367,74
DA:368,74
DA:369,74
DA:370,74
DA:372,78
DA:373,78
DA:388,80
DA:389,80
DA:390,80
DA:392,80
DA:393,80
DA:394,80
DA:396,55
DA:397,55
DA:398,55
DA:400,55
DA:401,55
DA:402,55
DA:404,55
DA:405,55
DA:406,55
DA:408,55
DA:409,55
DA:410,55
DA:413,74
DA:414,74
DA:415,74
DA:513,8
DA:514,6
DA:515,0
DA:517,0
DA:519,5
DA:520,4
DA:522,41
DA:524,0
DA:525,0
DA:528,0
DA:529,0
DA:530,0
DA:535,0
DA:536,0
DA:539,0
DA:540,0
DA:541,0
DA:547,0
DA:550,0
DA:551,0
DA:552,0
DA:560,0
DA:561,0
DA:562,0
end_of_record

SF:/Users/markjonathas/Desktop/test_changes/evm-m-extensions/test/fuzzing/FuzzSwapFacility.sol
DA:7,0
DA:8,18
DA:9,8
DA:11,3
DA:13,0
DA:14,0
DA:15,0
DA:16,0
DA:17,0
DA:18,0
DA:21,0
DA:24,18
DA:25,8
DA:27,3
DA:29,0
DA:30,0
DA:31,0
DA:32,0
DA:33,0
DA:36,0
DA:39,18
DA:40,8
DA:42,3
DA:44,0
DA:45,0
DA:46,0
DA:47,0
DA:48,0
DA:51,0
DA:54,18
DA:55,8
DA:57,3
DA:59,0
DA:60,0
DA:61,0
DA:62,0
DA:63,0
DA:64,0
DA:65,0
DA:66,0
DA:69,0
DA:72,18
DA:73,8
DA:75,3
DA:77,0
DA:78,0
DA:79,0
DA:80,0
DA:81,0
DA:82,0
DA:83,0
DA:84,0
DA:87,0
end_of_record

SF:/Users/markjonathas/Desktop/test_changes/evm-m-extensions/test/fuzzing/FuzzUni.sol
DA:7,0
DA:8,18
DA:14,0
DA:15,0
DA:16,1
DA:17,1
DA:18,1
DA:19,1
DA:20,8
DA:22,0
DA:23,0
DA:24,0
DA:26,0
DA:27,0
DA:28,0
DA:29,0
DA:30,0
DA:31,0
DA:32,0
DA:33,0
DA:36,0
DA:37,0
DA:38,0
DA:39,0
DA:40,0
DA:41,0
DA:42,0
DA:43,0
DA:44,0
DA:48,18
DA:49,5
DA:51,0
DA:52,0
DA:53,0
DA:55,0
DA:57,0
DA:58,0
DA:59,0
DA:60,0
DA:61,0
DA:62,0
DA:63,0
DA:67,18
DA:68,5
DA:70,0
DA:71,0
DA:72,0
DA:74,0
DA:76,0
DA:77,0
DA:78,0
DA:79,0
DA:80,0
DA:81,0
DA:82,0
end_of_record

SF:/Users/markjonathas/Desktop/test_changes/evm-m-extensions/test/fuzzing/helpers/BeforeAfter.sol
DA:11,0
DA:255,0
DA:259,0
DA:262,1
DA:266,80
DA:269,0
DA:270,0
DA:273,0
DA:274,0
DA:277,1
DA:278,6
DA:279,4
DA:282,4
DA:283,20
DA:284,20
DA:288,1
DA:292,5
DA:293,5
DA:294,5
DA:295,5
DA:296,4
DA:299,3
DA:300,20
DA:301,22
DA:302,102
DA:306,3
DA:307,20
DA:308,22
DA:309,119
DA:310,121
DA:311,102
DA:312,102
DA:313,102
DA:315,104
DA:316,104
DA:317,104
DA:318,102
DA:319,104
DA:323,3
DA:324,22
DA:325,22
DA:326,79
DA:327,62
DA:328,44
DA:329,44
DA:330,52
DA:331,102
DA:334,27
DA:335,29
DA:336,69
DA:337,69
DA:338,71
DA:339,61
DA:340,61
DA:341,61
DA:346,3
DA:347,110
DA:350,1
DA:351,70
DA:352,0
DA:353,0
DA:354,0
DA:355,0
DA:358,4
DA:359,42
DA:360,42
DA:361,42
DA:362,42
DA:363,42
DA:364,42
DA:366,119
DA:367,119
DA:368,20
DA:369,22
DA:370,122
DA:372,20
DA:373,22
DA:374,122
DA:376,20
DA:377,22
DA:378,122
DA:380,43
DA:381,58
DA:382,40
DA:383,40
DA:384,40
end_of_record

SF:/Users/markjonathas/Desktop/test_changes/evm-m-extensions/test/fuzzing/helpers/FuzzStorageVariables.sol
DA:34,0
DA:40,21
DA:42,36
DA:43,70
DA:44,3
DA:53,0
DA:54,0
DA:60,3
DA:62,0
DA:63,0
DA:65,0
DA:67,0
DA:68,0
DA:69,0
DA:70,0
DA:71,0
DA:72,0
DA:73,0
DA:74,0
DA:75,3
DA:77,0
DA:78,0
DA:86,29
DA:87,29
DA:88,3
DA:89,3
DA:90,3
DA:91,3
DA:92,21
DA:93,21
DA:95,3
end_of_record

SF:/Users/markjonathas/Desktop/test_changes/evm-m-extensions/test/fuzzing/helpers/postconditions/PostconditionsBase.sol
DA:6,0
DA:7,0
DA:8,0
DA:10,0
DA:11,0
DA:12,0
DA:13,0
DA:16,0
DA:17,0
DA:18,0
end_of_record

SF:/Users/markjonathas/Desktop/test_changes/evm-m-extensions/test/fuzzing/helpers/postconditions/PostconditionsJMIExtension.sol
DA:6,0
DA:7,0
DA:8,0
DA:9,0
DA:10,0
DA:12,0
DA:16,0
DA:17,0
DA:18,0
DA:19,0
DA:21,0
DA:25,0
DA:26,0
DA:27,0
DA:28,0
DA:30,0
DA:34,0
DA:35,0
DA:36,0
DA:37,0
DA:39,0
DA:43,0
DA:44,0
DA:45,0
DA:46,0
DA:48,0
DA:52,0
DA:53,0
DA:54,0
DA:55,0
DA:57,0
DA:61,0
DA:62,0
DA:63,0
DA:64,0
DA:66,0
DA:70,0
DA:71,0
DA:72,0
DA:73,0
DA:75,0
DA:79,0
DA:80,0
DA:81,0
DA:82,0
DA:84,0
DA:88,0
DA:89,0
DA:90,0
DA:91,0
DA:93,0
end_of_record

SF:/Users/markjonathas/Desktop/test_changes/evm-m-extensions/test/fuzzing/helpers/postconditions/PostconditionsMEarnerManager.sol
DA:6,0
DA:7,0
DA:8,0
DA:9,0
DA:10,0
DA:12,0
DA:16,0
DA:17,0
DA:18,0
DA:19,0
DA:21,0
DA:25,0
DA:26,0
DA:27,0
DA:28,0
DA:30,0
DA:34,0
DA:35,0
DA:36,0
DA:37,0
DA:39,0
DA:43,0
DA:44,0
DA:45,0
DA:46,0
DA:48,0
DA:52,0
DA:53,0
DA:54,0
DA:55,0
DA:57,0
DA:61,0
DA:62,0
DA:63,0
DA:64,0
DA:66,0
DA:70,0
DA:71,0
DA:72,0
DA:73,0
DA:75,0
end_of_record

SF:/Users/markjonathas/Desktop/test_changes/evm-m-extensions/test/fuzzing/helpers/postconditions/PostconditionsMToken.sol
DA:6,0
DA:7,0
DA:8,0
DA:29,0
DA:30,0
DA:31,0
DA:34,0
DA:35,0
DA:36,0
end_of_record

SF:/Users/markjonathas/Desktop/test_changes/evm-m-extensions/test/fuzzing/helpers/postconditions/PostconditionsMYieldFee.sol
DA:6,0
DA:7,0
DA:8,0
DA:9,0
DA:10,0
DA:12,0
DA:16,0
DA:17,0
DA:18,0
DA:19,0
DA:21,0
DA:25,0
DA:26,0
DA:27,0
DA:28,0
DA:30,0
DA:34,0
DA:35,0
DA:36,0
DA:37,0
DA:39,0
DA:43,0
DA:44,0
DA:45,0
DA:46,0
DA:48,0
DA:52,0
DA:53,0
DA:54,0
DA:55,0
DA:57,0
DA:61,0
DA:62,0
DA:63,0
DA:64,0
DA:66,0
DA:70,0
DA:71,0
DA:72,0
DA:73,0
DA:75,0
DA:79,0
DA:80,0
DA:81,0
DA:82,0
DA:84,0
DA:88,0
DA:89,0
DA:90,0
DA:91,0
DA:93,0
DA:97,0
DA:98,0
DA:99,0
DA:100,0
DA:102,0
end_of_record

SF:/Users/markjonathas/Desktop/test_changes/evm-m-extensions/test/fuzzing/helpers/postconditions/PostconditionsMYieldToOne.sol
DA:6,0
DA:7,0
DA:8,0
DA:9,0
DA:10,0
DA:12,0
DA:16,0
DA:17,0
DA:18,0
DA:19,0
DA:21,0
DA:25,0
DA:26,0
DA:27,0
DA:28,0
DA:30,0
DA:34,0
DA:35,0
DA:36,0
DA:37,0
DA:39,0
DA:43,0
DA:44,0
DA:45,0
DA:46,0
DA:48,0
DA:52,0
DA:53,0
DA:54,0
DA:55,0
DA:57,0
DA:61,0
DA:62,0
DA:63,0
DA:64,0
DA:66,0
end_of_record

SF:/Users/markjonathas/Desktop/test_changes/evm-m-extensions/test/fuzzing/helpers/postconditions/PostconditionsSwapFacility.sol
DA:6,0
DA:7,0
DA:8,0
DA:9,0
DA:10,0
DA:11,0
DA:12,0
DA:14,0
DA:18,0
DA:19,0
DA:20,0
DA:21,0
DA:23,0
DA:25,0
DA:29,0
DA:30,0
DA:31,0
DA:32,0
DA:34,0
DA:36,0
DA:40,0
DA:45,0
DA:46,0
DA:47,0
DA:48,0
DA:50,0
DA:54,0
DA:59,0
DA:60,0
DA:61,0
DA:62,0
DA:64,0
end_of_record

SF:/Users/markjonathas/Desktop/test_changes/evm-m-extensions/test/fuzzing/helpers/postconditions/PostconditionsUni.sol
DA:6,0
DA:7,0
DA:17,0
DA:18,0
DA:21,0
DA:22,0
DA:27,0
DA:29,0
DA:31,0
DA:35,0
DA:43,0
DA:44,0
DA:47,0
DA:49,0
DA:51,0
DA:55,0
DA:63,0
DA:64,0
DA:67,0
DA:69,0
DA:71,0
end_of_record

SF:/Users/markjonathas/Desktop/test_changes/evm-m-extensions/test/fuzzing/helpers/preconditions/PreconditionsBase.sol
DA:8,0
DA:12,1190
DA:14,560
DA:15,315
DA:16,805
DA:17,3500
DA:19,665
DA:22,1260
DA:23,770
DA:25,315
DA:26,0
DA:28,210
DA:31,945
DA:77,7
DA:78,46
DA:81,6
DA:82,53
DA:83,22
DA:84,36
DA:85,15
DA:86,24
DA:87,35
DA:88,42
DA:90,4
DA:93,7
DA:94,26
DA:95,0
DA:98,0
DA:106,0
DA:107,0
DA:110,0
DA:111,0
DA:112,0
DA:114,0
DA:115,0
DA:118,0
DA:119,0
DA:120,0
DA:121,0
DA:122,0
DA:123,0
DA:124,0
DA:128,0
DA:129,0
DA:130,0
DA:133,0
DA:134,0
DA:136,0
DA:144,0
DA:145,0
DA:146,0
DA:148,0
DA:151,0
DA:152,0
DA:153,0
DA:155,0
DA:156,0
DA:157,0
DA:158,0
DA:162,0
DA:165,0
DA:166,0
DA:167,0
DA:168,0
DA:169,0
DA:177,0
DA:178,0
DA:179,0
DA:181,0
DA:184,0
DA:185,0
DA:186,0
DA:188,0
DA:189,0
DA:190,0
DA:191,0
DA:195,0
DA:198,0
DA:199,0
DA:200,0
DA:201,0
DA:202,0
end_of_record

SF:/Users/markjonathas/Desktop/test_changes/evm-m-extensions/test/fuzzing/helpers/preconditions/PreconditionsJMIExtension.sol
DA:7,0
DA:8,0
DA:9,0
DA:10,0
DA:11,0
DA:12,0
DA:15,0
DA:16,0
DA:17,0
DA:18,0
DA:20,0
DA:21,0
DA:24,0
DA:25,0
DA:26,0
DA:27,0
DA:30,0
DA:31,0
DA:34,0
DA:35,0
DA:38,0
DA:39,0
DA:40,0
DA:43,0
DA:44,0
DA:45,0
DA:49,0
DA:50,0
DA:54,0
DA:55,0
DA:56,0
DA:57,0
DA:61,0
DA:62,0
DA:63,0
DA:64,0
end_of_record

SF:/Users/markjonathas/Desktop/test_changes/evm-m-extensions/test/fuzzing/helpers/preconditions/PreconditionsMEarnerManager.sol
DA:6,0
DA:7,6
DA:10,4
DA:11,16
DA:12,40
DA:13,51
DA:14,24
DA:16,40
DA:17,51
DA:18,15
DA:19,94
DA:23,5
DA:25,4
DA:26,40
DA:27,51
DA:30,9
DA:31,40
DA:32,51
DA:35,9
DA:36,40
DA:37,51
DA:38,9
DA:41,9
DA:42,40
DA:43,51
DA:44,166
DA:47,5
DA:49,4
DA:50,40
DA:51,51
DA:52,58
DA:53,166
DA:56,6
DA:57,28
DA:60,6
DA:61,28
end_of_record

SF:/Users/markjonathas/Desktop/test_changes/evm-m-extensions/test/fuzzing/helpers/preconditions/PreconditionsMToken.sol
DA:6,0
DA:7,7
DA:8,82
DA:9,39
end_of_record

SF:/Users/markjonathas/Desktop/test_changes/evm-m-extensions/test/fuzzing/helpers/preconditions/PreconditionsMYieldFee.sol
DA:6,0
DA:7,9
DA:8,40
DA:9,51
DA:12,9
DA:13,40
DA:16,9
DA:17,40
DA:20,9
DA:21,40
DA:22,94
DA:25,9
DA:26,40
DA:27,51
DA:30,9
DA:31,40
DA:32,51
DA:33,58
DA:36,9
DA:37,40
DA:38,51
DA:39,9
DA:42,9
DA:43,40
DA:44,51
DA:45,166
DA:48,9
DA:49,40
DA:50,51
DA:51,58
DA:52,166
DA:55,6
DA:56,28
DA:59,6
DA:60,28
end_of_record

SF:/Users/markjonathas/Desktop/test_changes/evm-m-extensions/test/fuzzing/helpers/preconditions/PreconditionsMYieldToOne.sol
DA:6,0
DA:7,9
DA:8,40
DA:11,5
DA:13,4
DA:14,40
DA:15,51
DA:18,6
DA:19,28
DA:22,6
DA:23,28
DA:26,9
DA:27,40
DA:28,51
DA:29,9
DA:32,9
DA:33,40
DA:34,51
DA:35,166
DA:38,9
DA:39,40
DA:40,51
DA:41,58
DA:42,166
end_of_record

SF:/Users/markjonathas/Desktop/test_changes/evm-m-extensions/test/fuzzing/helpers/preconditions/PreconditionsSwapFacility.sol
DA:6,0
DA:7,9
DA:8,25
DA:9,40
DA:10,54
DA:11,9
DA:12,25
DA:13,33
DA:16,9
DA:17,25
DA:18,40
DA:19,9
DA:20,25
DA:23,9
DA:24,25
DA:25,40
DA:26,9
DA:27,25
DA:30,9
DA:31,25
DA:32,25
DA:33,173
DA:34,40
DA:35,9
DA:36,25
DA:37,39
DA:40,9
DA:41,25
DA:42,40
DA:43,166
DA:44,25
DA:45,19
DA:46,25
DA:47,39
DA:50,8
DA:51,8
DA:52,8
DA:55,20
DA:56,27
DA:57,27
DA:58,27
DA:59,14
DA:60,14
DA:61,27
DA:62,20
DA:63,26
DA:65,0
DA:68,7
DA:71,25
DA:72,30
DA:73,13
DA:76,0
end_of_record

SF:/Users/markjonathas/Desktop/test_changes/evm-m-extensions/test/fuzzing/helpers/preconditions/PreconditionsUni.sol
DA:7,0
DA:8,1
DA:14,4
DA:16,84
DA:17,84
DA:19,4
DA:22,86
DA:24,7
DA:26,69
DA:29,0
DA:30,0
DA:31,0
DA:33,0
DA:34,11
DA:39,20
DA:40,20
DA:43,17
DA:44,17
DA:47,17
DA:48,17
DA:50,21
DA:53,3
DA:54,3
DA:56,21
DA:60,35
DA:61,0
DA:65,12
DA:66,9
DA:68,69
DA:69,0
DA:71,0
DA:72,0
DA:73,0
DA:74,0
DA:77,2
DA:79,85
DA:81,69
DA:82,0
DA:84,0
DA:87,2
DA:89,85
DA:91,69
DA:92,0
DA:94,0
end_of_record

SF:/Users/markjonathas/Desktop/test_changes/evm-m-extensions/test/fuzzing/lifeSupport/IContinuousIndexing.sol
end_of_record

SF:/Users/markjonathas/Desktop/test_changes/evm-m-extensions/test/fuzzing/logicalCoverage/logicalBase.sol
DA:8,0
DA:9,0
DA:10,0
DA:11,0
DA:12,0
end_of_record

SF:/Users/markjonathas/Desktop/test_changes/evm-m-extensions/test/fuzzing/logicalCoverage/logicalMEarnerManager.sol
DA:6,0
DA:7,0
DA:8,0
DA:9,0
DA:11,0
DA:12,0
DA:14,0
DA:15,0
DA:17,0
DA:18,0
DA:20,0
DA:21,0
DA:23,0
DA:24,0
DA:26,0
DA:27,0
DA:30,0
DA:31,0
DA:33,0
DA:34,0
DA:36,0
DA:37,0
DA:39,0
DA:40,0
DA:42,0
DA:43,0
DA:45,0
DA:46,0
DA:48,0
DA:49,0
DA:52,0
DA:53,0
DA:55,0
DA:56,0
DA:58,0
DA:59,0
DA:61,0
DA:62,0
DA:64,0
DA:65,0
DA:67,0
DA:68,0
DA:70,0
DA:71,0
DA:74,0
DA:75,0
DA:77,0
DA:78,0
DA:80,0
DA:81,0
DA:83,0
DA:84,0
DA:86,0
DA:87,0
DA:89,0
DA:90,0
DA:92,0
DA:93,0
DA:96,0
DA:97,0
DA:99,0
DA:100,0
DA:102,0
DA:103,0
DA:105,0
DA:106,0
DA:108,0
DA:109,0
DA:111,0
DA:112,0
DA:114,0
DA:115,0
DA:118,0
DA:119,0
DA:121,0
DA:122,0
DA:124,0
DA:125,0
DA:127,0
DA:128,0
DA:130,0
DA:131,0
DA:133,0
DA:134,0
DA:136,0
DA:137,0
DA:140,0
DA:141,0
DA:143,0
DA:144,0
DA:146,0
DA:147,0
DA:149,0
DA:150,0
DA:152,0
DA:153,0
DA:155,0
DA:156,0
DA:158,0
DA:159,0
DA:162,0
DA:163,0
DA:165,0
DA:166,0
DA:168,0
DA:169,0
DA:171,0
DA:172,0
DA:174,0
DA:175,0
DA:177,0
DA:178,0
DA:180,0
DA:181,0
DA:184,0
DA:185,0
DA:187,0
DA:188,0
DA:190,0
DA:191,0
DA:193,0
DA:194,0
DA:196,0
DA:197,0
DA:199,0
DA:200,0
DA:202,0
DA:203,0
DA:206,0
DA:207,0
DA:209,0
DA:210,0
DA:212,0
DA:213,0
DA:215,0
DA:216,0
DA:218,0
DA:219,0
DA:221,0
DA:222,0
DA:224,0
DA:225,0
DA:228,0
DA:229,0
DA:231,0
DA:232,0
DA:234,0
DA:235,0
DA:237,0
DA:238,0
DA:240,0
DA:241,0
DA:243,0
DA:244,0
DA:246,0
DA:247,0
DA:250,0
DA:251,0
DA:253,0
DA:254,0
DA:256,0
DA:257,0
DA:259,0
DA:260,0
DA:262,0
DA:263,0
DA:265,0
DA:266,0
DA:268,0
DA:269,0
DA:272,0
DA:273,0
DA:275,0
DA:276,0
DA:278,0
DA:279,0
DA:281,0
DA:282,0
DA:284,0
DA:285,0
DA:288,0
DA:289,0
DA:291,0
DA:292,0
DA:294,0
DA:295,0
DA:297,0
DA:298,0
DA:300,0
DA:301,0
DA:304,0
DA:305,0
DA:307,0
DA:308,0
DA:310,0
DA:311,0
DA:313,0
DA:314,0
DA:316,0
DA:317,0
DA:320,0
DA:321,0
DA:323,0
DA:324,0
DA:326,0
DA:327,0
DA:329,0
DA:330,0
DA:332,0
DA:333,0
DA:336,0
DA:337,0
DA:339,0
DA:340,0
DA:342,0
DA:343,0
DA:345,0
DA:346,0
DA:348,0
DA:349,0
DA:352,0
DA:353,0
DA:355,0
DA:356,0
DA:358,0
DA:359,0
DA:361,0
DA:362,0
DA:364,0
DA:365,0
DA:368,0
DA:369,0
DA:370,0
DA:371,0
DA:372,0
DA:374,0
DA:375,0
DA:377,0
DA:378,0
DA:380,0
DA:381,0
DA:384,0
DA:385,0
DA:386,0
DA:387,0
DA:388,0
DA:390,0
DA:391,0
DA:393,0
DA:394,0
DA:396,0
DA:397,0
DA:400,0
DA:401,0
DA:402,0
DA:403,0
DA:404,0
DA:406,0
DA:407,0
DA:409,0
DA:410,0
DA:412,0
DA:413,0
DA:416,0
DA:417,0
DA:418,0
DA:419,0
DA:420,0
DA:422,0
DA:423,0
DA:425,0
DA:426,0
DA:428,0
DA:429,0
DA:432,0
DA:433,0
DA:434,0
DA:435,0
DA:436,0
DA:438,0
DA:439,0
DA:441,0
DA:442,0
DA:444,0
DA:445,0
DA:448,0
DA:449,0
DA:450,0
DA:451,0
DA:452,0
DA:454,0
DA:455,0
DA:457,0
DA:458,0
DA:460,0
DA:461,0
DA:464,0
DA:465,0
DA:466,0
DA:467,0
DA:468,0
DA:470,0
DA:471,0
DA:473,0
DA:474,0
DA:476,0
DA:477,0
DA:480,0
DA:481,0
DA:482,0
DA:483,0
DA:484,0
DA:486,0
DA:487,0
DA:489,0
DA:490,0
DA:492,0
DA:493,0
DA:496,0
DA:497,0
DA:498,0
DA:499,0
DA:500,0
DA:502,0
DA:503,0
DA:505,0
DA:506,0
DA:508,0
DA:509,0
end_of_record

SF:/Users/markjonathas/Desktop/test_changes/evm-m-extensions/test/fuzzing/logicalCoverage/logicalMYieldFee.sol
DA:6,0
DA:7,0
DA:9,0
DA:11,0
DA:12,0
DA:14,0
DA:15,0
DA:17,0
DA:18,0
DA:20,0
DA:21,0
DA:24,0
DA:26,0
DA:27,0
DA:29,0
DA:30,0
DA:34,0
DA:36,0
DA:37,0
DA:39,0
DA:40,0
DA:44,0
DA:45,0
DA:46,0
DA:48,0
DA:49,0
DA:51,0
DA:52,0
DA:54,0
DA:55,0
DA:59,0
DA:61,0
DA:62,0
DA:64,0
DA:65,0
DA:69,0
DA:71,0
DA:72,0
DA:74,0
DA:75,0
DA:79,0
DA:80,0
DA:81,0
DA:83,0
DA:84,0
DA:86,0
DA:87,0
DA:89,0
DA:90,0
DA:94,0
DA:95,0
DA:96,0
DA:98,0
DA:99,0
DA:101,0
DA:102,0
DA:104,0
DA:105,0
DA:109,0
DA:110,0
DA:111,0
DA:113,0
DA:114,0
DA:116,0
DA:117,0
DA:119,0
DA:120,0
end_of_record

SF:/Users/markjonathas/Desktop/test_changes/evm-m-extensions/test/fuzzing/logicalCoverage/logicalMYieldToOne.sol
DA:6,0
DA:7,0
DA:8,0
DA:9,0
DA:10,0
DA:12,0
DA:13,0
DA:15,0
DA:16,0
DA:18,0
DA:19,0
DA:22,0
DA:23,0
DA:24,0
DA:26,0
DA:27,0
DA:29,0
DA:30,0
DA:32,0
DA:33,0
DA:36,0
DA:37,0
DA:38,0
DA:40,0
DA:41,0
DA:43,0
DA:44,0
DA:46,0
DA:47,0
end_of_record

SF:/Users/markjonathas/Desktop/test_changes/evm-m-extensions/test/fuzzing/mocks/DirectPoolMinter.sol
DA:13,0
DA:16,0
DA:17,0
DA:18,0
DA:20,0
DA:21,0
DA:22,0
DA:23,0
DA:27,0
DA:29,0
DA:32,0
DA:33,0
DA:35,0
DA:36,0
DA:41,0
DA:48,0
DA:50,0
DA:51,0
DA:53,0
DA:54,0
DA:57,0
DA:60,0
DA:61,0
DA:62,0
DA:64,0
DA:65,0
DA:66,0
DA:71,0
DA:76,0
DA:77,0
DA:78,0
DA:80,0
DA:81,0
DA:82,0
DA:83,0
DA:85,0
DA:86,0
DA:88,0
DA:89,0
DA:90,0
DA:91,0
DA:92,0
DA:93,0
DA:95,0
end_of_record

SF:/Users/markjonathas/Desktop/test_changes/evm-m-extensions/test/fuzzing/mocks/MToken.sol
DA:39,265
DA:55,0
DA:58,24
DA:61,0
DA:64,0
DA:73,0
DA:85,33
DA:86,19
DA:87,19
DA:93,0
DA:94,0
DA:98,0
DA:99,0
DA:103,8
DA:107,5
DA:111,0
DA:112,0
DA:116,0
DA:120,0
DA:126,0
DA:127,0
DA:131,24
DA:132,13
DA:136,0
DA:137,0
DA:141,0
DA:143,0
DA:148,39
DA:149,21
DA:152,35
DA:156,39
DA:157,21
DA:159,5
DA:160,19
DA:161,17
DA:162,13
DA:166,39
DA:167,32
DA:171,24
DA:174,2
DA:176,6
DA:177,4
DA:178,10
DA:179,4
DA:180,15
DA:181,15
DA:195,0
DA:198,0
DA:199,0
DA:208,0
DA:211,0
DA:212,0
DA:221,0
DA:222,0
DA:224,0
DA:226,0
DA:228,0
DA:229,0
DA:231,0
DA:240,0
DA:241,0
DA:242,0
DA:244,0
DA:246,0
DA:251,0
DA:252,0
DA:254,0
DA:255,0
DA:256,0
DA:258,0
DA:262,0
DA:264,0
DA:265,0
DA:267,0
DA:275,4
DA:276,21
DA:278,17
DA:280,13
DA:282,23
DA:285,16
DA:287,11
DA:291,0
DA:293,0
DA:296,0
DA:297,0
DA:300,0
DA:307,0
DA:308,0
DA:310,0
DA:312,0
DA:314,0
DA:317,0
DA:319,0
DA:321,0
DA:323,0
DA:326,0
DA:327,0
DA:330,0
DA:338,0
DA:339,0
DA:341,0
DA:345,0
DA:346,0
DA:355,0
DA:356,0
DA:358,0
DA:362,0
DA:363,0
DA:373,0
DA:374,0
DA:376,0
DA:378,0
DA:380,0
DA:383,0
DA:385,0
DA:386,0
DA:387,0
DA:388,0
DA:389,0
DA:394,0
DA:397,0
DA:398,0
DA:402,0
DA:403,0
DA:406,0
DA:415,0
DA:416,0
DA:418,0
DA:423,0
DA:424,0
DA:436,6
DA:437,11
DA:447,7
DA:448,8
DA:466,0
DA:467,0
DA:468,0
DA:471,0
DA:478,0
DA:479,0
DA:486,0
DA:487,0
end_of_record

SF:/Users/markjonathas/Desktop/test_changes/evm-m-extensions/test/fuzzing/mocks/MinterGateway.f.sol
DA:10,0
DA:11,6
DA:12,30
DA:15,6
DA:16,1
DA:18,34
DA:19,8
DA:22,53
DA:24,17
DA:25,34
DA:28,5
DA:253,0
DA:314,0
DA:315,0
DA:316,0
DA:324,0
DA:325,0
DA:326,0
DA:344,0
DA:345,0
DA:346,0
DA:354,0
DA:355,0
DA:372,0
DA:373,0
DA:391,0
DA:392,0
DA:401,0
DA:402,0
DA:431,0
DA:432,0
DA:441,0
DA:442,0
DA:451,0
DA:452,0
DA:461,0
DA:462,0
DA:471,0
DA:472,0
DA:482,0
DA:486,0
DA:489,0
DA:492,1
DA:505,0
DA:506,0
DA:514,0
DA:522,0
DA:523,0
DA:531,0
DA:539,0
DA:541,0
DA:549,0
DA:551,0
DA:569,0
DA:571,0
DA:581,0
DA:585,0
DA:598,0
DA:602,0
DA:607,0
DA:610,0
DA:615,0
DA:635,0
DA:637,0
DA:678,0
DA:711,0
DA:712,0
DA:722,0
DA:726,0
DA:727,0
DA:728,0
DA:731,0
DA:732,0
DA:733,0
DA:734,0
DA:744,0
DA:748,0
DA:749,0
DA:750,0
DA:761,0
DA:765,0
DA:766,0
DA:777,0
DA:781,0
DA:782,0
DA:783,0
DA:784,0
DA:787,0
DA:798,0
DA:799,0
DA:809,0
DA:810,0
DA:812,0
DA:814,0
DA:826,0
DA:829,0
DA:830,0
DA:831,0
DA:844,0
DA:849,0
DA:852,0
DA:853,0
DA:855,0
DA:857,0
DA:859,0
DA:869,0
DA:873,0
DA:874,0
DA:876,0
DA:887,0
DA:892,0
DA:893,0
DA:895,0
DA:925,0
DA:926,0
DA:936,0
DA:986,0
DA:987,0
DA:991,0
DA:992,0
DA:996,0
DA:997,0
DA:1001,0
DA:1002,0
DA:1006,0
DA:1007,0
DA:1011,0
DA:1012,0
DA:1016,0
DA:1017,0
DA:1031,7
DA:1032,9
DA:1036,0
DA:1037,0
DA:1041,0
DA:1042,0
DA:1046,6
DA:1047,61
DA:1051,0
DA:1052,0
DA:1056,8
DA:1057,70
DA:1061,0
DA:1062,0
DA:1573,0
DA:1579,0
DA:1585,22
DA:1586,21
DA:1592,0
DA:1595,0
DA:1597,0
DA:1600,0
DA:1601,0
DA:1602,0
DA:1604,0
DA:1619,0
DA:1620,0
DA:1628,0
DA:1629,0
DA:1638,0
DA:1639,0
DA:1648,0
DA:1649,0
DA:1658,0
DA:1659,0
DA:1668,0
DA:1669,0
DA:1932,1
DA:1935,1
DA:1952,18
DA:1953,15
DA:1955,7
DA:1956,14
DA:1962,0
DA:1967,0
DA:1968,0
DA:1969,0
DA:1970,0
DA:1971,0
DA:1972,0
DA:1973,0
DA:1976,0
DA:1978,0
DA:1980,0
DA:1981,0
DA:1982,0
DA:1983,0
DA:1988,0
DA:1989,0
DA:1998,4
DA:1999,2
DA:2000,6
DA:2001,26
DA:2002,2
DA:2003,16
DA:2004,2
DA:2005,1
DA:2006,1
DA:2016,0
DA:2017,0
DA:2318,185
DA:2365,0
DA:2368,0
DA:2371,0
DA:2376,0
DA:2377,0
DA:2380,0
DA:2383,0
DA:2386,0
DA:2389,0
DA:2392,0
DA:2422,0
DA:2429,0
DA:2436,0
DA:2448,32
DA:2449,19
DA:2450,27
DA:2451,19
DA:2457,0
DA:2464,0
DA:2465,0
DA:2466,0
DA:2470,0
DA:2471,0
DA:2472,0
DA:2473,0
DA:2474,0
DA:2475,0
DA:2476,0
DA:2477,0
DA:2480,0
DA:2482,0
DA:2484,0
DA:2485,0
DA:2487,0
DA:2488,0
DA:2489,0
DA:2490,0
DA:2491,0
DA:2492,0
DA:2495,0
DA:2499,0
DA:2503,0
DA:2504,0
DA:2507,0
DA:2510,0
DA:2511,0
DA:2512,0
DA:2513,0
DA:2516,0
DA:2517,0
DA:2520,0
DA:2521,0
DA:2522,0
DA:2524,0
DA:2526,0
DA:2530,0
DA:2533,0
DA:2534,0
DA:2535,0
DA:2537,0
DA:2540,0
DA:2543,0
DA:2546,0
DA:2548,0
DA:2552,0
DA:2554,0
DA:2555,0
DA:2557,0
DA:2558,0
DA:2559,0
DA:2560,0
DA:2561,0
DA:2562,0
DA:2563,0
DA:2564,0
DA:2567,0
DA:2569,0
DA:2571,0
DA:2572,0
DA:2574,0
DA:2575,0
DA:2578,0
DA:2580,0
DA:2584,0
DA:2585,0
DA:2587,0
DA:2589,0
DA:2590,0
DA:2594,0
DA:2596,0
DA:2598,0
DA:2601,0
DA:2602,0
DA:2605,0
DA:2609,0
DA:2613,0
DA:2614,0
DA:2615,0
DA:2616,0
DA:2617,0
DA:2622,0
DA:2626,0
DA:2627,0
DA:2629,0
DA:2630,0
DA:2633,0
DA:2635,0
DA:2638,0
DA:2640,0
DA:2641,0
DA:2642,0
DA:2643,0
DA:2646,0
DA:2648,0
DA:2650,0
DA:2653,0
DA:2657,0
DA:2661,0
DA:2662,0
DA:2664,0
DA:2666,0
DA:2668,0
DA:2672,0
DA:2674,0
DA:2677,0
DA:2681,23
DA:2682,8
DA:2684,21
DA:2687,17
DA:2689,23
DA:2691,16
DA:2695,0
DA:2696,0
DA:2698,0
DA:2700,0
DA:2702,0
DA:2706,0
DA:2707,0
DA:2710,0
DA:2713,0
DA:2714,0
DA:2717,0
DA:2719,0
DA:2723,0
DA:2727,0
DA:2730,0
DA:2732,0
DA:2738,0
DA:2743,0
DA:2749,0
DA:2750,0
DA:2754,0
DA:2760,0
DA:2765,0
DA:2767,0
DA:2769,0
DA:2770,0
DA:2773,0
DA:2778,0
DA:2779,0
DA:2783,0
DA:2784,0
DA:2788,0
DA:2789,0
DA:2793,0
DA:2794,0
DA:2798,0
DA:2801,0
DA:2802,0
DA:2803,0
DA:2804,0
DA:2808,0
DA:2811,0
DA:2812,0
DA:2813,0
DA:2814,0
DA:2818,0
DA:2821,0
DA:2826,0
DA:2828,0
DA:2832,0
DA:2834,0
DA:2836,0
DA:2837,0
DA:2838,0
DA:2841,0
DA:2844,0
DA:2849,0
DA:2850,0
DA:2854,0
DA:2855,0
DA:2856,0
DA:2858,0
DA:2859,0
DA:2860,0
DA:2861,0
DA:2864,0
DA:2868,0
DA:2870,0
DA:2875,0
DA:2876,0
DA:2880,0
DA:2881,0
DA:2885,0
DA:2886,0
DA:2890,0
DA:2896,0
DA:2897,0
DA:2901,0
DA:2903,0
DA:2904,0
DA:2905,0
DA:2906,0
DA:2907,0
DA:2911,0
DA:2912,0
DA:2913,0
DA:2914,0
DA:2915,0
DA:2919,0
DA:2920,0
DA:2924,0
DA:2925,0
DA:2931,6
DA:2932,8
DA:2936,0
DA:2937,0
DA:2941,0
DA:2942,0
DA:2943,0
DA:2944,0
DA:2950,0
DA:2951,0
DA:2955,0
DA:2957,0
DA:2961,0
DA:2962,0
DA:2966,0
DA:2967,0
DA:2971,0
DA:2972,0
DA:2976,0
DA:2977,0
DA:2981,0
DA:2982,0
DA:2986,0
DA:2989,0
DA:2991,0
DA:2992,0
DA:2993,0
DA:2994,0
DA:2995,0
DA:2996,0
DA:3011,0
DA:3012,0
DA:3014,0
DA:3016,0
DA:3019,0
DA:3023,0
DA:3025,0
DA:3026,0
DA:3027,0
DA:3031,0
DA:3033,0
DA:3035,0
DA:3043,0
DA:3044,0
DA:3046,0
DA:3048,0
DA:3050,0
DA:3051,0
DA:3052,0
DA:3053,0
DA:3056,0
DA:3059,0
DA:3061,0
DA:3063,0
DA:3065,0
DA:3073,0
DA:3074,0
DA:3076,0
DA:3078,0
DA:3082,0
DA:3085,0
DA:3088,0
DA:3090,0
DA:3092,0
DA:3094,0
DA:3096,0
DA:3097,0
DA:3099,0
DA:3107,0
DA:3108,0
DA:3109,0
DA:3112,0
DA:3114,0
DA:3115,0
DA:3116,0
DA:3117,0
DA:3118,0
DA:3131,0
DA:3135,0
DA:3136,0
DA:3137,0
DA:3139,0
DA:3143,0
DA:3144,0
DA:3154,0
DA:3155,0
DA:3159,0
DA:3160,0
DA:3170,0
DA:3173,0
DA:3174,0
DA:3175,0
DA:3176,0
DA:3178,0
DA:3183,0
DA:3186,0
DA:3188,0
DA:3194,0
DA:3204,0
DA:3205,0
DA:3211,0
DA:3213,0
DA:3214,0
DA:3215,0
DA:3218,0
DA:3219,0
DA:3223,0
DA:3224,0
DA:3238,0
DA:3242,0
DA:3243,0
DA:3246,0
DA:3248,0
DA:3250,0
DA:3255,0
DA:3258,0
DA:3268,0
DA:3269,0
DA:3281,0
DA:3287,0
DA:3288,0
DA:3289,0
DA:3290,0
DA:3291,0
DA:3292,0
DA:3293,0
DA:3294,0
DA:3295,0
DA:3296,0
DA:3297,0
DA:3304,0
DA:3305,0
DA:3306,0
DA:3309,0
DA:3316,0
DA:3317,0
DA:3324,0
DA:3325,0
DA:3332,0
DA:3333,0
DA:3341,0
DA:3342,0
DA:3344,0
DA:3345,0
DA:3365,0
DA:3373,0
DA:3374,0
DA:3376,0
DA:3378,0
DA:3382,0
DA:3385,0
DA:3386,0
DA:3387,0
DA:3388,0
DA:3389,0
DA:3390,0
DA:3391,0
DA:3392,0
DA:3393,0
DA:3395,0
DA:3398,0
DA:3401,0
DA:3405,0
DA:3407,0
DA:3421,0
DA:3429,0
DA:3432,0
DA:3436,0
DA:3438,0
DA:3442,0
DA:3445,0
DA:3448,0
DA:3449,0
DA:3450,0
DA:3451,0
DA:3452,0
DA:3454,0
DA:3457,0
DA:3459,0
end_of_record

SF:/Users/markjonathas/Desktop/test_changes/evm-m-extensions/test/fuzzing/mocks/MockERC20.sol
DA:20,0
DA:29,7
DA:30,11
DA:31,7
DA:33,4
DA:59,0
DA:60,0
DA:71,0
DA:72,0
DA:73,0
DA:75,0
DA:189,73
DA:205,33
DA:206,11
DA:207,11
DA:208,21
DA:212,0
DA:213,0
DA:216,0
DA:217,0
DA:220,24
DA:221,13
DA:224,0
DA:225,0
DA:228,39
DA:229,21
DA:232,0
DA:233,0
DA:234,0
DA:237,0
DA:238,0
DA:241,0
DA:242,0
DA:243,0
DA:246,0
DA:247,0
DA:248,0
DA:249,0
DA:250,0
DA:251,0
DA:253,0
DA:256,23
DA:257,6
DA:260,0
DA:261,0
DA:264,0
DA:265,0
DA:268,0
DA:269,0
DA:270,0
DA:271,0
DA:274,4
DA:275,17
DA:276,51
DA:277,23
DA:280,0
DA:281,0
DA:282,0
DA:283,0
DA:286,0
DA:287,0
DA:288,0
end_of_record

SF:/Users/markjonathas/Desktop/test_changes/evm-m-extensions/test/fuzzing/mocks/MockRegistar.sol
DA:4,78
DA:5,31
DA:6,21
DA:9,33
DA:11,0
DA:16,0
DA:18,40
DA:19,3
DA:22,0
DA:23,0
DA:24,0
DA:26,0
DA:29,23
DA:30,19
DA:33,23
DA:34,51
DA:37,23
DA:38,23
DA:41,23
DA:42,21
DA:45,0
DA:46,0
end_of_record

SF:/Users/markjonathas/Desktop/test_changes/evm-m-extensions/test/fuzzing/mocks/WrappedMToken.f.sol
DA:10,0
DA:11,6
DA:12,30
DA:15,6
DA:16,1
DA:18,34
DA:19,8
DA:22,53
DA:24,17
DA:25,34
DA:28,5
DA:303,0
DA:365,0
DA:366,0
DA:367,0
DA:387,0
DA:388,0
DA:389,0
DA:535,0
DA:539,0
DA:552,0
DA:553,0
DA:561,0
DA:569,0
DA:570,0
DA:578,0
DA:586,0
DA:588,0
DA:598,0
DA:599,0
DA:608,0
DA:609,0
DA:618,0
DA:619,0
DA:638,0
DA:639,0
DA:645,0
DA:647,0
DA:657,0
DA:658,0
DA:660,0
DA:662,0
DA:664,0
DA:665,0
DA:667,0
DA:669,0
DA:672,0
DA:687,0
DA:731,0
DA:735,0
DA:736,0
DA:737,0
DA:740,0
DA:741,0
DA:742,0
DA:743,0
DA:753,0
DA:757,0
DA:758,0
DA:759,0
DA:818,0
DA:819,0
DA:821,0
DA:823,0
DA:835,0
DA:838,0
DA:839,0
DA:840,0
DA:853,0
DA:858,0
DA:861,0
DA:862,0
DA:864,0
DA:866,0
DA:868,0
DA:878,0
DA:882,0
DA:883,0
DA:885,0
DA:896,0
DA:901,0
DA:902,0
DA:904,0
DA:916,0
DA:922,0
DA:923,0
DA:925,0
DA:934,0
DA:935,0
DA:1221,1
DA:1224,1
DA:1241,1
DA:1242,15
DA:1244,7
DA:1245,14
DA:1251,0
DA:1256,0
DA:1257,0
DA:1258,0
DA:1259,0
DA:1260,0
DA:1261,0
DA:1262,0
DA:1265,0
DA:1267,0
DA:1269,0
DA:1270,0
DA:1271,0
DA:1272,0
DA:1277,0
DA:1278,0
DA:1287,4
DA:1288,2
DA:1289,6
DA:1290,26
DA:1291,2
DA:1292,16
DA:1293,2
DA:1294,1
DA:1295,1
DA:1305,0
DA:1306,0
DA:1313,0
DA:1314,0
DA:1326,0
DA:1327,0
DA:1329,0
DA:1331,0
DA:1333,0
DA:1364,0
DA:1365,0
DA:1376,0
DA:1383,0
DA:1390,0
DA:1391,0
DA:1392,0
DA:1393,0
DA:1394,0
DA:1395,0
DA:1396,0
DA:1398,0
DA:1706,0
DA:1712,2
DA:1728,0
DA:1729,0
DA:1734,0
DA:1735,0
DA:1741,0
DA:1742,0
DA:1745,0
DA:1753,2
DA:1758,0
DA:1767,0
DA:1768,0
DA:1769,0
DA:1770,0
DA:1773,0
DA:1777,0
DA:1787,0
DA:1788,0
DA:1789,0
DA:1790,0
DA:1791,0
DA:1794,0
DA:1798,0
DA:1809,0
DA:1810,0
DA:1811,0
DA:1812,0
DA:1813,0
DA:1814,0
DA:1817,0
DA:1821,0
DA:1830,0
DA:1831,0
DA:1832,0
DA:1833,0
DA:1836,0
DA:1840,0
DA:1850,0
DA:1851,0
DA:1852,0
DA:1853,0
DA:1854,0
DA:1857,0
DA:1861,0
DA:1872,0
DA:1873,0
DA:1874,0
DA:1875,0
DA:1876,0
DA:1877,0
DA:1880,0
DA:1884,0
DA:1885,0
DA:1886,0
DA:1890,0
DA:1891,0
DA:1892,0
DA:1896,0
DA:1897,0
DA:1898,0
DA:1912,0
DA:1920,0
DA:1921,0
DA:1923,0
DA:1925,0
DA:1927,0
DA:1929,0
DA:1941,0
DA:1949,0
DA:1951,0
DA:1959,0
DA:1960,0
DA:1962,0
DA:1964,0
DA:1987,0
DA:1994,0
DA:1995,0
DA:1996,0
DA:1997,0
DA:1998,0
DA:1999,0
DA:2000,0
DA:2001,0
DA:2002,0
DA:2003,0
DA:2004,0
DA:2005,0
DA:2021,0
DA:2028,0
DA:2029,0
DA:2030,0
DA:2031,0
DA:2032,0
DA:2033,0
DA:2034,0
DA:2035,0
DA:2036,0
DA:2037,0
DA:2038,0
DA:2039,0
DA:2051,0
DA:2052,0
DA:2060,0
DA:2061,0
DA:2080,0
DA:2083,0
DA:2089,0
DA:2099,38
DA:2100,15
DA:2101,11
DA:2107,40
DA:2108,7
DA:2109,3
DA:2113,0
DA:2122,0
DA:2126,0
DA:2133,0
DA:2137,0
DA:2138,0
DA:2139,0
DA:2143,0
DA:2144,0
DA:2146,0
DA:2147,0
DA:2150,0
DA:2154,0
DA:2156,0
DA:2162,0
DA:2163,0
DA:2167,0
DA:2168,0
DA:2179,5
DA:2180,7
DA:2181,23
DA:2190,5
DA:2191,40
DA:2202,0
DA:2207,0
DA:2208,0
DA:2210,0
DA:2214,0
DA:2215,0
DA:2216,0
DA:2239,230
DA:2261,0
DA:2264,0
DA:2267,0
DA:2270,0
DA:2273,0
DA:2276,0
DA:2279,0
DA:2295,33
DA:2296,19
DA:2297,19
DA:2299,69
DA:2300,70
DA:2306,0
DA:2307,0
DA:2311,0
DA:2312,0
DA:2316,0
DA:2317,0
DA:2321,0
DA:2322,0
DA:2326,0
DA:2327,0
DA:2331,0
DA:2332,0
DA:2334,0
DA:2338,0
DA:2339,0
DA:2341,0
DA:2345,0
DA:2347,0
DA:2349,0
DA:2351,0
DA:2353,0
DA:2357,0
DA:2358,0
DA:2360,0
DA:2362,0
DA:2364,0
DA:2366,0
DA:2368,0
DA:2372,0
DA:2373,0
DA:2375,0
DA:2377,0
DA:2379,0
DA:2382,0
DA:2384,0
DA:2385,0
DA:2387,0
DA:2389,0
DA:2392,0
DA:2395,0
DA:2399,0
DA:2400,0
DA:2402,0
DA:2404,0
DA:2406,0
DA:2408,0
DA:2410,0
DA:2411,0
DA:2413,0
DA:2415,0
DA:2418,0
DA:2421,0
DA:2427,0
DA:2428,0
DA:2430,0
DA:2436,0
DA:2437,0
DA:2439,0
DA:2441,0
DA:2445,0
DA:2446,0
DA:2450,0
DA:2451,0
DA:2455,0
DA:2456,0
DA:2460,0
DA:2461,0
DA:2464,0
DA:2465,0
DA:2472,0
DA:2473,0
DA:2477,0
DA:2478,0
DA:2482,0
DA:2483,0
DA:2487,0
DA:2488,0
DA:2492,0
DA:2494,0
DA:2495,0
DA:2496,0
DA:2498,0
DA:2503,0
DA:2504,0
DA:2505,0
DA:2508,0
DA:2513,0
DA:2514,0
DA:2524,0
DA:2525,0
DA:2526,0
DA:2528,0
DA:2529,0
DA:2531,0
DA:2534,0
DA:2536,0
DA:2539,0
DA:2547,0
DA:2548,0
DA:2550,0
DA:2551,0
DA:2553,0
DA:2556,0
DA:2558,0
DA:2561,0
DA:2569,0
DA:2572,0
DA:2573,0
DA:2582,0
DA:2583,0
DA:2584,0
DA:2586,0
DA:2588,0
DA:2590,0
DA:2591,0
DA:2601,0
DA:2604,0
DA:2605,0
DA:2615,0
DA:2616,0
DA:2617,0
DA:2619,0
DA:2621,0
DA:2623,0
DA:2624,0
DA:2634,0
DA:2635,0
DA:2637,0
DA:2639,0
DA:2641,0
DA:2643,0
DA:2645,0
DA:2647,0
DA:2650,0
DA:2652,0
DA:2655,0
DA:2658,0
DA:2659,0
DA:2662,0
DA:2663,0
DA:2665,0
DA:2667,0
DA:2678,0
DA:2679,0
DA:2683,0
DA:2684,0
DA:2686,0
DA:2688,0
DA:2689,0
DA:2693,0
DA:2694,0
DA:2696,0
DA:2699,0
DA:2700,0
DA:2703,0
DA:2706,0
DA:2707,0
DA:2708,0
DA:2710,0
DA:2711,0
DA:2712,0
DA:2721,0
DA:2722,0
DA:2730,0
DA:2733,0
DA:2734,0
DA:2743,0
DA:2744,0
DA:2745,0
DA:2746,0
DA:2748,0
DA:2751,0
DA:2752,0
DA:2754,0
DA:2755,0
DA:2758,0
DA:2769,0
DA:2770,0
DA:2773,0
DA:2779,0
DA:2789,0
DA:2790,0
DA:2792,0
DA:2795,0
DA:2801,0
DA:2807,0
DA:2808,0
DA:2812,0
DA:2813,0
DA:2823,0
DA:2827,0
DA:2828,0
DA:2829,0
DA:2830,0
DA:2834,0
DA:2844,0
DA:2846,0
DA:2847,0
DA:2848,0
DA:2849,0
DA:2850,0
DA:2852,0
DA:2856,0
DA:2857,0
DA:2861,0
DA:2871,0
DA:2872,0
DA:2873,0
DA:2874,0
DA:2882,0
DA:2883,0
DA:2890,0
DA:2891,0
DA:2898,0
DA:2899,0
DA:2906,0
DA:2907,0
DA:2914,0
DA:2915,0
DA:2924,0
DA:2926,0
DA:2928,0
DA:2931,0
DA:2932,0
end_of_record

SF:/Users/markjonathas/Desktop/test_changes/evm-m-extensions/test/fuzzing/mocks/abstract/ContinuousIndexing.sol
DA:17,0
DA:23,0
DA:29,22
DA:30,21
DA:36,0
DA:39,0
DA:41,0
DA:44,0
DA:45,0
DA:46,0
DA:48,0
DA:63,0
DA:64,0
DA:72,0
DA:73,0
DA:82,7
DA:83,8
DA:102,0
DA:103,0
DA:112,0
DA:113,0
end_of_record

SF:/Users/markjonathas/Desktop/test_changes/evm-m-extensions/test/fuzzing/mocks/interfaces/IContinuousIndexing.sol
end_of_record

SF:/Users/markjonathas/Desktop/test_changes/evm-m-extensions/test/fuzzing/mocks/interfaces/IMToken.sol
end_of_record

SF:/Users/markjonathas/Desktop/test_changes/evm-m-extensions/test/fuzzing/mocks/interfaces/IRateModel.sol
end_of_record

SF:/Users/markjonathas/Desktop/test_changes/evm-m-extensions/test/fuzzing/mocks/libs/ContinuousIndexingMath.sol
DA:11,0
DA:15,1
DA:18,1
DA:21,4
DA:34,0
DA:35,0
DA:43,0
DA:51,0
DA:52,0
DA:60,0
DA:68,7
DA:70,16
DA:88,7
DA:90,16
DA:110,7
DA:114,20
DA:127,6
DA:131,10
DA:136,24
DA:139,16
DA:144,18
DA:164,6
DA:166,15
end_of_record

SF:/Users/markjonathas/Desktop/test_changes/evm-m-extensions/test/fuzzing/mocks/rateModels/EarnerRateModel.sol
DA:21,51
DA:25,0
DA:28,0
DA:31,0
DA:37,0
DA:40,0
DA:43,0
DA:46,0
DA:49,0
DA:57,33
DA:58,11
DA:59,11
DA:60,11
DA:68,0
DA:69,0
DA:70,0
DA:71,0
DA:72,0
DA:75,0
DA:79,0
DA:81,0
DA:82,0
DA:86,0
DA:87,0
DA:91,0
DA:95,0
DA:96,0
DA:97,0
DA:99,0
DA:103,0
DA:107,0
DA:131,0
DA:133,0
DA:135,0
DA:138,0
DA:141,0
DA:142,0
DA:148,0
DA:149,0
DA:150,0
DA:153,0
DA:155,0
DA:157,0
DA:160,0
DA:162,0
end_of_record

SF:/Users/markjonathas/Desktop/test_changes/evm-m-extensions/test/fuzzing/mocks/rateModels/MinterRateModel.sol
DA:15,24
DA:22,0
DA:25,0
DA:33,31
DA:34,19
DA:40,0
DA:41,0
end_of_record

SF:/Users/markjonathas/Desktop/test_changes/evm-m-extensions/test/fuzzing/mocks/rateModels/interfaces/IEarnerRateModel.sol
end_of_record

SF:/Users/markjonathas/Desktop/test_changes/evm-m-extensions/test/fuzzing/mocks/rateModels/interfaces/IMinterRateModel.sol
end_of_record

SF:/Users/markjonathas/Desktop/test_changes/evm-m-extensions/test/fuzzing/mocks/rateModels/interfaces/IRateModel.sol
end_of_record

SF:/Users/markjonathas/Desktop/test_changes/evm-m-extensions/test/fuzzing/mocks/rateModels/solmate/src/utils/SignedWadMath.sol
DA:165,0
DA:166,0
DA:167,0
DA:176,0
DA:177,0
DA:178,0
DA:179,0
DA:180,0
DA:181,0
DA:182,0
DA:183,0
DA:188,0
DA:189,0
DA:190,0
DA:194,0
DA:195,0
DA:196,0
DA:197,0
DA:198,0
DA:199,0
DA:200,0
DA:204,0
DA:205,0
DA:206,0
DA:207,0
DA:208,0
DA:209,0
DA:210,0
DA:216,0
DA:228,0
DA:230,0
DA:232,0
DA:234,0
end_of_record

SF:/Users/markjonathas/Desktop/test_changes/evm-m-extensions/test/fuzzing/properties/Properties.sol
DA:8,0
end_of_record

SF:/Users/markjonathas/Desktop/test_changes/evm-m-extensions/test/fuzzing/properties/PropertiesBase.sol
DA:13,0
DA:54,0
DA:59,0
DA:60,0
DA:61,0
DA:62,0
DA:63,0
DA:64,0
DA:67,0
DA:69,0
DA:70,0
DA:71,0
DA:72,0
DA:73,0
DA:75,0
DA:76,0
DA:77,0
end_of_record

SF:/Users/markjonathas/Desktop/test_changes/evm-m-extensions/test/fuzzing/properties/PropertiesDescriptions.sol
DA:4,0
end_of_record

SF:/Users/markjonathas/Desktop/test_changes/evm-m-extensions/test/fuzzing/properties/Properties_ERR.sol
DA:30,0
DA:31,0
DA:32,0
DA:33,0
DA:34,0
DA:37,0
DA:48,0
DA:49,0
DA:52,0
DA:55,0
DA:56,0
DA:57,0
DA:58,0
DA:59,0
DA:60,0
DA:61,0
DA:65,0
DA:66,0
DA:67,0
DA:70,0
DA:71,0
DA:72,0
DA:73,0
DA:74,0
DA:75,0
DA:76,0
DA:77,0
DA:78,0
DA:81,0
DA:82,0
DA:83,0
DA:84,0
DA:85,0
DA:86,0
DA:89,0
DA:90,0
DA:91,0
DA:94,0
DA:95,0
DA:96,0
DA:97,0
DA:98,0
DA:99,0
DA:102,0
DA:105,0
DA:108,0
DA:109,0
DA:110,0
DA:111,0
DA:114,0
DA:115,0
DA:116,0
DA:119,0
DA:120,0
DA:121,0
DA:122,0
DA:123,0
DA:124,0
DA:125,0
DA:126,0
DA:127,0
DA:129,0
DA:130,0
DA:132,0
DA:133,0
DA:134,0
DA:135,0
DA:136,0
DA:137,0
DA:139,0
DA:140,0
DA:141,0
DA:142,0
DA:144,0
DA:146,0
DA:149,0
DA:150,0
DA:151,0
DA:152,0
DA:153,0
DA:154,0
DA:155,0
DA:156,0
DA:157,0
DA:158,0
DA:159,0
DA:161,0
DA:162,0
DA:163,0
DA:168,0
DA:171,0
DA:172,0
DA:175,0
DA:176,0
DA:177,0
DA:178,0
DA:179,0
DA:180,0
DA:181,0
DA:182,0
DA:183,0
DA:184,0
DA:185,0
DA:186,0
DA:187,0
DA:188,0
DA:189,0
DA:190,0
DA:191,0
DA:192,0
DA:193,0
DA:194,0
DA:195,0
DA:196,0
DA:197,0
DA:198,0
DA:199,0
DA:200,0
DA:201,0
DA:204,0
DA:205,0
DA:206,0
DA:207,0
DA:208,0
DA:209,0
DA:212,0
DA:213,0
DA:214,0
DA:215,0
DA:216,0
DA:217,0
DA:218,0
DA:219,0
DA:220,0
DA:221,0
DA:222,0
DA:225,0
DA:226,0
DA:227,0
DA:228,0
DA:229,0
DA:230,0
DA:231,0
DA:232,0
DA:233,0
DA:236,0
DA:237,0
DA:241,0
DA:242,0
DA:243,0
DA:246,0
end_of_record

[...]
DA:6,0
DA:13,0
DA:14,0
DA:16,0
DA:17,0
DA:18,0
DA:20,0
DA:21,0
DA:22,0
DA:24,0
DA:25,0
DA:26,0
DA:28,0
DA:29,0
DA:30,0
DA:32,0
DA:33,0
DA:34,0
DA:36,0
DA:37,0
DA:38,0
DA:40,0
DA:41,0
DA:42,0
DA:44,0
DA:53,0
DA:54,0
DA:56,0
DA:57,0
DA:58,0
DA:60,0
DA:62,0
DA:63,0
DA:65,0
DA:67,0
DA:68,0
DA:70,0
DA:72,0
DA:73,0
DA:75,0
DA:77,0
DA:78,0
DA:80,0
DA:82,0
DA:83,0
DA:85,0
DA:87,0
DA:88,0
DA:90,0
DA:92,0
end_of_record

SF:/Users/markjonathas/Desktop/test_changes/evm-m-extensions/uniswapv3/v3-core/libraries/FixedPoint128.sol
DA:6,0
DA:7,0
end_of_record

SF:/Users/markjonathas/Desktop/test_changes/evm-m-extensions/uniswapv3/v3-core/libraries/FixedPoint96.sol
DA:7,0
DA:8,0
DA:9,0
end_of_record

SF:/Users/markjonathas/Desktop/test_changes/evm-m-extensions/uniswapv3/v3-core/libraries/FullMath.sol
DA:7,0
DA:14,0
DA:21,0
DA:22,0
DA:23,0
DA:24,0
DA:25,0
DA:26,0
DA:30,0
DA:31,0
DA:33,0
DA:35,0
DA:40,0
DA:48,0
DA:50,0
DA:54,0
DA:55,0
DA:61,0
DA:64,0
DA:69,0
DA:75,0
DA:77,0
DA:84,0
DA:88,0
DA:89,0
DA:90,0
DA:91,0
DA:92,0
DA:93,0
DA:101,0
DA:102,0
DA:111,0
DA:113,0
DA:114,0
DA:115,0
DA:116,0
end_of_record

SF:/Users/markjonathas/Desktop/test_changes/evm-m-extensions/uniswapv3/v3-core/libraries/LiquidityMath.sol
DA:5,0
DA:10,0
DA:11,0
DA:12,0
DA:14,0
end_of_record

SF:/Users/markjonathas/Desktop/test_changes/evm-m-extensions/uniswapv3/v3-core/libraries/LowGasSafeMath.sol
DA:6,0
DA:11,0
DA:12,0
DA:35,0
DA:36,0
DA:43,0
DA:44,0
end_of_record

SF:/Users/markjonathas/Desktop/test_changes/evm-m-extensions/uniswapv3/v3-core/libraries/Oracle.sol
DA:11,0
DA:30,0
DA:35,0
DA:36,0
DA:37,0
DA:38,0
DA:39,0
DA:40,0
DA:41,0
DA:42,0
DA:43,0
DA:52,0
DA:54,0
DA:56,0
DA:57,0
DA:58,0
DA:59,0
DA:60,0
DA:62,0
DA:78,0
DA:86,0
DA:87,0
DA:90,0
DA:93,0
DA:94,0
DA:96,0
DA:99,0
DA:100,0
DA:108,0
DA:112,0
DA:113,0
DA:115,0
DA:118,0
DA:119,0
DA:128,0
DA:132,0
DA:134,0
DA:136,0
DA:137,0
DA:139,0
DA:153,0
DA:159,0
DA:160,0
DA:161,0
DA:162,0
DA:163,0
DA:164,0
DA:166,0
DA:169,0
DA:170,0
DA:171,0
DA:174,0
DA:176,0
DA:179,0
DA:181,0
DA:182,0
DA:198,0
DA:206,0
DA:208,0
DA:211,0
DA:212,0
DA:214,0
DA:217,0
DA:222,0
DA:223,0
DA:226,0
DA:229,0
DA:245,0
DA:253,0
DA:254,0
DA:255,0
DA:256,0
DA:257,0
DA:260,0
DA:262,0
DA:263,0
DA:265,0
DA:267,0
DA:268,0
DA:270,0
DA:273,0
DA:274,0
DA:275,0
DA:276,0
DA:277,0
DA:278,0
DA:279,0
DA:281,0
DA:282,0
DA:283,0
DA:300,0
DA:308,0
DA:309,0
DA:311,0
DA:312,0
DA:313,0
DA:314,0
DA:315,0
DA:316,0
DA:317,0
DA:318,0
DA:319,0
DA:320,0
DA:321,0
end_of_record

SF:/Users/markjonathas/Desktop/test_changes/evm-m-extensions/uniswapv3/v3-core/libraries/Position.sol
DA:11,0
DA:30,0
DA:35,0
DA:36,0
DA:44,0
DA:49,0
DA:50,0
DA:52,0
DA:53,0
DA:54,0
DA:55,0
DA:57,0
DA:61,0
DA:63,0
DA:64,0
DA:65,0
DA:69,0
DA:71,0
DA:72,0
DA:73,0
DA:79,0
DA:80,0
DA:81,0
DA:82,0
DA:84,0
DA:85,0
end_of_record

SF:/Users/markjonathas/Desktop/test_changes/evm-m-extensions/uniswapv3/v3-core/libraries/SafeCast.sol
DA:6,0
DA:10,0
DA:11,0
DA:17,0
DA:18,0
DA:24,0
DA:25,0
DA:26,0
end_of_record

SF:/Users/markjonathas/Desktop/test_changes/evm-m-extensions/uniswapv3/v3-core/libraries/SqrtPriceMath.sol
DA:13,0
DA:28,0
DA:33,0
DA:35,0
DA:36,0
DA:38,0
DA:39,0
DA:40,0
DA:41,0
DA:42,0
DA:44,0
DA:47,0
DA:49,0
DA:52,0
DA:53,0
DA:54,0
DA:68,0
DA:73,0
DA:76,0
DA:77,0
DA:79,0
DA:80,0
DA:81,0
DA:84,0
DA:86,0
DA:88,0
DA:89,0
DA:90,0
DA:93,0
DA:95,0
DA:106,0
DA:111,0
DA:112,0
DA:113,0
DA:116,0
DA:117,0
DA:118,0
DA:119,0
DA:129,0
DA:134,0
DA:135,0
DA:136,0
DA:139,0
DA:140,0
DA:141,0
DA:142,0
DA:158,0
DA:163,0
DA:164,0
DA:166,0
DA:167,0
DA:169,0
DA:171,0
DA:172,0
DA:173,0
DA:174,0
DA:176,0
DA:177,0
DA:178,0
DA:179,0
DA:180,0
DA:182,0
DA:192,0
DA:197,0
DA:198,0
DA:200,0
DA:201,0
DA:202,0
DA:203,0
DA:211,0
DA:215,0
DA:216,0
DA:217,0
DA:218,0
DA:219,0
DA:227,0
DA:231,0
DA:232,0
DA:233,0
DA:234,0
DA:235,0
end_of_record

SF:/Users/markjonathas/Desktop/test_changes/evm-m-extensions/uniswapv3/v3-core/libraries/SwapMath.sol
DA:9,0
DA:21,0
DA:30,0
DA:31,0
DA:32,0
DA:33,0
DA:35,0
DA:36,0
DA:37,0
DA:39,0
DA:40,0
DA:41,0
DA:42,0
DA:43,0
DA:44,0
DA:46,0
DA:47,0
DA:48,0
DA:49,0
DA:50,0
DA:53,0
DA:54,0
DA:55,0
DA:56,0
DA:58,0
DA:59,0
DA:60,0
DA:61,0
DA:62,0
DA:66,0
DA:69,0
DA:70,0
DA:71,0
DA:72,0
DA:73,0
DA:74,0
DA:75,0
DA:77,0
DA:78,0
DA:79,0
DA:80,0
DA:81,0
DA:82,0
DA:86,0
DA:87,0
DA:90,0
DA:92,0
DA:94,0
end_of_record

SF:/Users/markjonathas/Desktop/test_changes/evm-m-extensions/uniswapv3/v3-core/libraries/Tick.sol
DA:12,0
DA:44,0
DA:45,0
DA:46,0
DA:47,0
DA:48,0
DA:60,0
DA:67,0
DA:68,0
DA:69,0
DA:72,0
DA:73,0
DA:74,0
DA:75,0
DA:76,0
DA:78,0
DA:79,0
DA:83,0
DA:84,0
DA:85,0
DA:86,0
DA:87,0
DA:89,0
DA:90,0
DA:93,0
DA:94,0
DA:110,0
DA:122,0
DA:123,0
DA:125,0
DA:126,0
DA:128,0
DA:130,0
DA:132,0
DA:134,0
DA:135,0
DA:136,0
DA:137,0
DA:138,0
DA:139,0
DA:141,0
DA:144,0
DA:147,0
DA:148,0
DA:149,0
DA:155,0
DA:156,0
DA:168,0
DA:176,0
DA:177,0
DA:178,0
DA:179,0
DA:180,0
DA:181,0
DA:182,0
DA:183,0
end_of_record

SF:/Users/markjonathas/Desktop/test_changes/evm-m-extensions/uniswapv3/v3-core/libraries/TickBitmap.sol
DA:9,0
DA:14,0
DA:15,0
DA:16,0
DA:23,0
DA:27,0
DA:28,0
DA:29,0
DA:30,0
DA:31,0
DA:42,0
DA:47,0
DA:48,0
DA:49,0
DA:51,0
DA:52,0
DA:54,0
DA:55,0
DA:58,0
DA:60,0
DA:61,0
DA:62,0
DA:63,0
DA:65,0
DA:67,0
DA:68,0
DA:71,0
DA:73,0
DA:74,0
DA:75,0
end_of_record

SF:/Users/markjonathas/Desktop/test_changes/evm-m-extensions/uniswapv3/v3-core/libraries/TickMath.sol
DA:7,0
DA:9,0
DA:11,0
DA:14,0
DA:16,0
DA:23,0
DA:24,0
DA:25,0
DA:27,0
DA:28,0
DA:29,0
DA:30,0
DA:31,0
DA:32,0
DA:33,0
DA:34,0
DA:35,0
DA:36,0
DA:37,0
DA:38,0
DA:39,0
DA:40,0
DA:41,0
DA:42,0
DA:43,0
DA:44,0
DA:45,0
DA:46,0
DA:48,0
DA:53,0
DA:61,0
DA:63,0
DA:64,0
DA:66,0
DA:67,0
DA:69,0
DA:70,0
DA:71,0
DA:72,0
DA:74,0
DA:75,0
DA:76,0
DA:77,0
DA:79,0
DA:80,0
DA:81,0
DA:82,0
DA:84,0
DA:85,0
DA:86,0
DA:87,0
DA:89,0
DA:90,0
DA:91,0
DA:92,0
DA:94,0
DA:95,0
DA:96,0
DA:97,0
DA:99,0
DA:100,0
DA:101,0
DA:102,0
DA:104,0
DA:105,0
DA:106,0
DA:109,0
DA:110,0
DA:112,0
DA:114,0
DA:115,0
DA:116,0
DA:117,0
DA:118,0
DA:120,0
DA:121,0
DA:122,0
DA:123,0
DA:124,0
DA:126,0
DA:127,0
DA:128,0
DA:129,0
DA:130,0
DA:132,0
DA:133,0
DA:134,0
DA:135,0
DA:136,0
DA:138,0
DA:139,0
DA:140,0
DA:141,0
DA:142,0
DA:144,0
DA:145,0
DA:146,0
DA:147,0
DA:148,0
DA:150,0
DA:151,0
DA:152,0
DA:153,0
DA:154,0
DA:156,0
DA:157,0
DA:158,0
DA:159,0
DA:160,0
DA:162,0
DA:163,0
DA:164,0
DA:165,0
DA:166,0
DA:168,0
DA:169,0
DA:170,0
DA:171,0
DA:172,0
DA:174,0
DA:175,0
DA:176,0
DA:177,0
DA:178,0
DA:180,0
DA:181,0
DA:182,0
DA:183,0
DA:184,0
DA:186,0
DA:187,0
DA:188,0
DA:189,0
DA:190,0
DA:192,0
DA:193,0
DA:194,0
DA:195,0
DA:198,0
DA:200,0
DA:201,0
DA:203,0
end_of_record

SF:/Users/markjonathas/Desktop/test_changes/evm-m-extensions/uniswapv3/v3-core/libraries/TransferHelper.sol
DA:6,0
DA:25,0
DA:26,0
DA:27,0
end_of_record

SF:/Users/markjonathas/Desktop/test_changes/evm-m-extensions/uniswapv3/v3-core/libraries/UnsafeMath.sol
DA:6,0
DA:12,0
DA:14,0
end_of_record

SF:/Users/markjonathas/Desktop/test_changes/evm-m-extensions/uniswapv3/v3-periphery/NonfungiblePositionManager.sol
DA:23,103
DA:64,21
DA:66,21
DA:71,33
DA:75,2
DA:76,11
DA:80,0
DA:87,0
DA:88,0
DA:89,0
DA:90,0
DA:91,0
DA:92,0
DA:93,0
DA:94,0
DA:95,0
DA:96,0
DA:97,0
DA:98,0
DA:101,0
DA:102,0
DA:103,0
DA:104,0
DA:105,0
DA:106,0
DA:107,0
DA:108,0
DA:109,0
DA:110,0
DA:111,0
DA:112,0
DA:113,0
DA:114,0
DA:115,0
DA:116,0
DA:121,0
DA:122,0
DA:123,0
DA:124,0
DA:125,0
DA:130,0
DA:136,0
DA:137,0
DA:138,0
DA:139,0
DA:140,0
DA:141,0
DA:142,0
DA:143,0
DA:144,0
DA:145,0
DA:146,0
DA:147,0
DA:148,0
DA:149,0
DA:150,0
DA:151,0
DA:155,0
DA:157,0
DA:158,0
DA:161,0
DA:162,0
DA:163,0
DA:166,0
DA:167,0
DA:168,0
DA:169,0
DA:170,0
DA:171,0
DA:172,0
DA:173,0
DA:174,0
DA:175,0
DA:176,0
DA:179,0
DA:183,0
DA:184,0
DA:187,0
DA:188,0
DA:189,0
DA:193,0
DA:196,0
DA:202,0
DA:203,0
DA:204,0
DA:205,0
DA:207,0
DA:209,0
DA:210,0
DA:211,0
DA:212,0
DA:213,0
DA:214,0
DA:215,0
DA:216,0
DA:217,0
DA:218,0
DA:219,0
DA:220,0
DA:221,0
DA:225,0
DA:228,0
DA:230,0
DA:231,0
DA:232,0
DA:233,0
DA:237,0
DA:238,0
DA:239,0
DA:240,0
DA:245,0
DA:246,0
DA:247,0
DA:249,0
DA:253,0
DA:259,0
DA:260,0
DA:261,0
DA:262,0
DA:263,0
DA:264,0
DA:266,0
DA:267,0
DA:269,0
DA:270,0
DA:271,0
DA:273,0
DA:275,0
DA:277,0
DA:279,0
DA:281,0
DA:282,0
DA:284,0
DA:285,0
DA:286,0
DA:290,0
DA:291,0
DA:293,0
DA:294,0
DA:295,0
DA:300,0
DA:301,0
DA:303,0
DA:305,0
DA:309,0
DA:311,0
DA:312,0
DA:314,0
DA:316,0
DA:318,0
DA:320,0
DA:321,0
DA:324,0
DA:327,0
DA:328,0
DA:329,0
DA:330,0
DA:333,0
DA:334,0
DA:335,0
DA:336,0
DA:340,0
DA:341,0
DA:342,0
DA:343,0
DA:348,0
DA:349,0
DA:353,0
DA:354,0
DA:355,0
DA:359,0
DA:360,0
DA:361,0
DA:362,0
DA:363,0
DA:364,0
DA:369,0
DA:371,0
DA:375,0
DA:376,0
DA:377,0
DA:378,0
DA:379,0
DA:382,0
DA:383,0
DA:387,0
DA:388,0
DA:390,0
DA:394,0
DA:395,0
DA:396,0
end_of_record

SF:/Users/markjonathas/Desktop/test_changes/evm-m-extensions/uniswapv3/v3-periphery/SwapRouter02.sol
DA:16,117
DA:17,34
DA:22,4
end_of_record

SF:/Users/markjonathas/Desktop/test_changes/evm-m-extensions/uniswapv3/v3-periphery/V2SwapRouter.sol
end_of_record

SF:/Users/markjonathas/Desktop/test_changes/evm-m-extensions/uniswapv3/v3-periphery/V3SwapRouter.sol
DA:31,1
DA:34,2
DA:37,0
DA:38,0
DA:39,0
DA:48,0
DA:49,0
DA:50,0
DA:51,0
DA:52,0
DA:54,0
DA:55,0
DA:56,0
DA:58,0
DA:59,0
DA:62,0
DA:63,0
DA:64,0
DA:66,0
DA:68,0
DA:74,0
DA:79,0
DA:81,0
DA:82,0
DA:84,0
DA:86,0
DA:88,0
DA:89,0
DA:90,0
DA:91,0
DA:93,0
DA:94,0
DA:95,0
DA:96,0
DA:97,0
DA:98,0
DA:99,0
DA:100,0
DA:103,0
DA:107,0
DA:109,0
DA:111,0
DA:112,0
DA:113,0
DA:114,0
DA:117,0
DA:118,0
DA:119,0
DA:120,0
DA:121,0
DA:122,0
DA:123,0
DA:126,0
DA:130,0
DA:132,0
DA:133,0
DA:134,0
DA:135,0
DA:136,0
DA:139,0
DA:141,0
DA:142,0
DA:145,0
DA:146,0
DA:147,0
DA:148,0
DA:149,0
DA:150,0
DA:151,0
DA:156,0
DA:157,0
DA:158,0
DA:160,0
DA:161,0
DA:165,0
DA:169,0
DA:174,0
DA:176,0
DA:177,0
DA:179,0
DA:181,0
DA:183,0
DA:184,0
DA:185,0
DA:186,0
DA:187,0
DA:188,0
DA:189,0
DA:190,0
DA:193,0
DA:194,0
DA:195,0
DA:196,0
DA:199,0
DA:203,0
DA:205,0
DA:207,0
DA:208,0
DA:209,0
DA:210,0
DA:211,0
DA:214,0
DA:216,0
DA:220,0
DA:221,0
DA:222,0
DA:223,0
DA:224,0
DA:225,0
DA:228,0
DA:229,0
DA:230,0
end_of_record

SF:/Users/markjonathas/Desktop/test_changes/evm-m-extensions/uniswapv3/v3-periphery/base/ApproveAndCall.sol
DA:15,0
DA:16,0
DA:17,0
DA:19,0
DA:23,0
DA:25,0
DA:28,0
DA:29,0
DA:32,0
DA:35,0
DA:36,0
DA:38,0
DA:42,0
DA:43,0
DA:47,0
DA:48,0
DA:52,0
DA:53,0
DA:54,0
DA:58,0
DA:59,0
DA:60,0
DA:64,0
DA:65,0
DA:66,0
DA:68,0
DA:70,0
DA:72,0
DA:74,0
DA:78,0
DA:79,0
DA:83,0
DA:84,0
DA:85,0
DA:86,0
DA:87,0
DA:88,0
DA:89,0
DA:90,0
DA:91,0
DA:92,0
DA:93,0
DA:94,0
DA:95,0
DA:96,0
DA:97,0
DA:98,0
DA:99,0
DA:106,0
DA:108,0
DA:109,0
DA:110,0
DA:111,0
DA:112,0
DA:113,0
DA:114,0
DA:115,0
DA:116,0
DA:117,0
DA:118,0
DA:119,0
end_of_record

SF:/Users/markjonathas/Desktop/test_changes/evm-m-extensions/uniswapv3/v3-periphery/base/BlockTimestamp.sol
DA:9,0
DA:10,0
end_of_record

SF:/Users/markjonathas/Desktop/test_changes/evm-m-extensions/uniswapv3/v3-periphery/base/ERC721Permit.sol
DA:25,56
DA:26,13
DA:27,13
DA:31,0
DA:32,0
DA:33,0
DA:34,0
DA:36,0
DA:37,0
DA:38,0
DA:39,0
DA:40,0
DA:47,0
DA:48,0
DA:51,0
DA:58,0
DA:59,0
DA:61,0
DA:62,0
DA:64,0
DA:65,0
DA:68,0
DA:69,0
DA:71,0
DA:72,0
DA:73,0
DA:74,0
DA:75,0
DA:76,0
DA:79,0
end_of_record

SF:/Users/markjonathas/Desktop/test_changes/evm-m-extensions/uniswapv3/v3-periphery/base/ImmutableState.sol
DA:10,0
DA:12,0
DA:14,2
DA:15,11
DA:16,11
end_of_record

SF:/Users/markjonathas/Desktop/test_changes/evm-m-extensions/uniswapv3/v3-periphery/base/LiquidityManagement.sol
DA:25,0
DA:29,0
DA:30,0
DA:31,0
DA:33,0
DA:34,0
DA:51,0
DA:54,0
DA:55,0
DA:56,0
DA:57,0
DA:59,0
DA:60,0
DA:61,0
DA:62,0
DA:63,0
DA:66,0
DA:69,0
DA:70,0
DA:71,0
DA:72,0
DA:74,0
DA:75,0
DA:76,0
DA:77,0
DA:78,0
DA:79,0
DA:83,0
DA:84,0
DA:85,0
DA:86,0
DA:87,0
DA:88,0
DA:91,0
end_of_record

SF:/Users/markjonathas/Desktop/test_changes/evm-m-extensions/uniswapv3/v3-periphery/base/Multicall.sol
DA:11,0
DA:15,0
DA:17,0
DA:18,0
DA:19,0
DA:21,0
DA:23,0
DA:25,0
DA:27,0
DA:30,0
end_of_record

SF:/Users/markjonathas/Desktop/test_changes/evm-m-extensions/uniswapv3/v3-periphery/base/MulticallExtended.sol
DA:14,0
DA:17,0
DA:18,0
DA:22,0
DA:25,0
DA:26,0
end_of_record

SF:/Users/markjonathas/Desktop/test_changes/evm-m-extensions/uniswapv3/v3-periphery/base/OracleSlippage.sol
DA:18,0
DA:20,0
DA:21,0
DA:22,0
DA:23,0
DA:26,0
DA:31,0
DA:32,0
DA:33,0
DA:34,0
DA:35,0
DA:36,0
DA:37,0
DA:40,0
DA:42,0
DA:43,0
DA:48,0
DA:52,0
DA:53,0
DA:59,0
DA:62,0
DA:63,0
DA:65,0
DA:66,0
DA:67,0
DA:69,0
DA:70,0
DA:73,0
DA:74,0
DA:75,0
DA:77,0
DA:79,0
DA:80,0
DA:83,0
DA:88,0
DA:91,0
DA:92,0
DA:97,0
DA:98,0
DA:99,0
DA:100,0
DA:102,0
DA:103,0
DA:108,0
DA:109,0
DA:110,0
DA:115,0
DA:116,0
DA:124,0
DA:128,0
DA:129,0
DA:131,0
DA:132,0
DA:134,0
DA:135,0
DA:138,0
DA:139,0
DA:140,0
DA:141,0
DA:142,0
DA:143,0
DA:146,0
DA:147,0
DA:151,0
DA:155,0
DA:156,0
DA:157,0
DA:161,0
DA:166,0
DA:167,0
DA:168,0
DA:169,0
DA:170,0
DA:172,0
end_of_record

SF:/Users/markjonathas/Desktop/test_changes/evm-m-extensions/uniswapv3/v3-periphery/base/PeripheryImmutableState.sol
DA:10,0
DA:12,0
DA:14,2
DA:15,11
DA:16,11
end_of_record

SF:/Users/markjonathas/Desktop/test_changes/evm-m-extensions/uniswapv3/v3-periphery/base/PeripheryPayments.sol
DA:15,0
DA:19,0
DA:20,0
DA:21,0
DA:23,0
DA:24,0
DA:25,0
DA:30,0
DA:31,0
DA:32,0
DA:34,0
DA:35,0
DA:40,0
DA:41,0
DA:42,0
DA:50,0
DA:51,0
DA:53,0
DA:54,0
DA:55,0
DA:57,0
DA:60,0
end_of_record

SF:/Users/markjonathas/Desktop/test_changes/evm-m-extensions/uniswapv3/v3-periphery/base/PeripheryPaymentsExtended.sol
DA:11,0
DA:12,0
DA:16,0
DA:17,0
DA:21,0
DA:22,0
DA:26,0
DA:27,0
end_of_record

SF:/Users/markjonathas/Desktop/test_changes/evm-m-extensions/uniswapv3/v3-periphery/base/PeripheryPaymentsWithFee.sol
DA:17,0
DA:22,0
DA:23,0
DA:25,0
DA:26,0
DA:28,0
DA:29,0
DA:30,0
DA:31,0
DA:32,0
DA:37,0
DA:43,0
DA:44,0
DA:46,0
DA:47,0
DA:49,0
DA:50,0
DA:51,0
DA:52,0
end_of_record

SF:/Users/markjonathas/Desktop/test_changes/evm-m-extensions/uniswapv3/v3-periphery/base/PeripheryPaymentsWithFeeExtended.sol
DA:11,0
DA:12,0
DA:15,0
DA:21,0
end_of_record

SF:/Users/markjonathas/Desktop/test_changes/evm-m-extensions/uniswapv3/v3-periphery/base/PeripheryValidation.sol
DA:8,0
end_of_record

SF:/Users/markjonathas/Desktop/test_changes/evm-m-extensions/uniswapv3/v3-periphery/base/PeripheryValidationExtended.sol
DA:8,0
end_of_record

SF:/Users/markjonathas/Desktop/test_changes/evm-m-extensions/uniswapv3/v3-periphery/base/PoolInitializer.sol
DA:13,0
DA:18,0
DA:19,0
DA:20,0
DA:22,0
DA:23,0
DA:24,0
DA:25,0
DA:26,0
DA:27,0
DA:28,0
end_of_record

SF:/Users/markjonathas/Desktop/test_changes/evm-m-extensions/uniswapv3/v3-periphery/base/SelfPermit.sol
DA:16,0
DA:24,0
DA:28,0
DA:36,0
DA:37,0
DA:42,0
DA:50,0
DA:54,0
DA:62,0
DA:63,0
end_of_record

SF:/Users/markjonathas/Desktop/test_changes/evm-m-extensions/uniswapv3/v3-periphery/interfaces/IApproveAndCall.sol
end_of_record

SF:/Users/markjonathas/Desktop/test_changes/evm-m-extensions/uniswapv3/v3-periphery/interfaces/IERC721Permit.sol
end_of_record

SF:/Users/markjonathas/Desktop/test_changes/evm-m-extensions/uniswapv3/v3-periphery/interfaces/IImmutableState.sol
end_of_record

SF:/Users/markjonathas/Desktop/test_changes/evm-m-extensions/uniswapv3/v3-periphery/interfaces/IMulticall.sol
end_of_record

SF:/Users/markjonathas/Desktop/test_changes/evm-m-extensions/uniswapv3/v3-periphery/interfaces/IMulticallExtended.sol
end_of_record

SF:/Users/markjonathas/Desktop/test_changes/evm-m-extensions/uniswapv3/v3-periphery/interfaces/INonfungiblePositionManager.sol
end_of_record

SF:/Users/markjonathas/Desktop/test_changes/evm-m-extensions/uniswapv3/v3-periphery/interfaces/INonfungibleTokenPositionDescriptor.sol
end_of_record

SF:/Users/markjonathas/Desktop/test_changes/evm-m-extensions/uniswapv3/v3-periphery/interfaces/IOracleSlippage.sol
end_of_record

SF:/Users/markjonathas/Desktop/test_changes/evm-m-extensions/uniswapv3/v3-periphery/interfaces/IPeripheryImmutableState.sol
end_of_record

SF:/Users/markjonathas/Desktop/test_changes/evm-m-extensions/uniswapv3/v3-periphery/interfaces/IPeripheryPayments.sol
end_of_record

SF:/Users/markjonathas/Desktop/test_changes/evm-m-extensions/uniswapv3/v3-periphery/interfaces/IPeripheryPaymentsExtended.sol
end_of_record

SF:/Users/markjonathas/Desktop/test_changes/evm-m-extensions/uniswapv3/v3-periphery/interfaces/IPeripheryPaymentsWithFee.sol
end_of_record

SF:/Users/markjonathas/Desktop/test_changes/evm-m-extensions/uniswapv3/v3-periphery/interfaces/IPoolInitializer.sol
end_of_record

SF:/Users/markjonathas/Desktop/test_changes/evm-m-extensions/uniswapv3/v3-periphery/interfaces/ISelfPermit.sol
end_of_record

SF:/Users/markjonathas/Desktop/test_changes/evm-m-extensions/uniswapv3/v3-periphery/interfaces/ISwapRouter02.sol
end_of_record

SF:/Users/markjonathas/Desktop/test_changes/evm-m-extensions/uniswapv3/v3-periphery/interfaces/IV2SwapRouter.sol
end_of_record

SF:/Users/markjonathas/Desktop/test_changes/evm-m-extensions/uniswapv3/v3-periphery/interfaces/IV3SwapRouter.sol
end_of_record

SF:/Users/markjonathas/Desktop/test_changes/evm-m-extensions/uniswapv3/v3-periphery/interfaces/external/IERC1271.sol
end_of_record

SF:/Users/markjonathas/Desktop/test_changes/evm-m-extensions/uniswapv3/v3-periphery/interfaces/external/IERC20PermitAllowed.sol
end_of_record

SF:/Users/markjonathas/Desktop/test_changes/evm-m-extensions/uniswapv3/v3-periphery/interfaces/external/IWETH9.sol
end_of_record

SF:/Users/markjonathas/Desktop/test_changes/evm-m-extensions/uniswapv3/v3-periphery/libraries/BytesLib.sol
DA:11,0
DA:12,0
DA:16,0
DA:17,0
DA:18,0
DA:19,0
DA:21,0
DA:24,0
DA:25,0
DA:28,0
DA:38,0
DA:44,0
DA:45,0
DA:47,0
DA:50,0
DA:51,0
DA:52,0
DA:53,0
DA:54,0
DA:56,0
DA:60,0
DA:64,0
DA:67,0
DA:69,0
DA:73,0
DA:76,0
DA:77,0
DA:78,0
DA:79,0
DA:82,0
DA:85,0
DA:88,0
DA:89,0
DA:90,0
DA:91,0
DA:94,0
DA:97,0
end_of_record

SF:/Users/markjonathas/Desktop/test_changes/evm-m-extensions/uniswapv3/v3-periphery/libraries/CallbackValidation.sol
DA:9,0
DA:16,0
DA:21,0
DA:22,0
DA:23,0
DA:30,0
DA:33,0
DA:34,0
DA:35,0
end_of_record

SF:/Users/markjonathas/Desktop/test_changes/evm-m-extensions/uniswapv3/v3-periphery/libraries/ChainId.sol
DA:5,0
DA:8,0
DA:10,0
end_of_record

SF:/Users/markjonathas/Desktop/test_changes/evm-m-extensions/uniswapv3/v3-periphery/libraries/Constants.sol
DA:6,0
DA:8,0
DA:11,0
DA:14,0
end_of_record

SF:/Users/markjonathas/Desktop/test_changes/evm-m-extensions/uniswapv3/v3-periphery/libraries/LiquidityAmounts.sol
DA:10,0
DA:14,0
DA:15,0
DA:24,0
DA:28,0
DA:29,0
DA:30,0
DA:32,0
DA:42,0
DA:46,0
DA:47,0
DA:49,0
DA:61,0
DA:67,0
DA:68,0
DA:70,0
DA:71,0
DA:72,0
DA:73,0
DA:74,0
DA:76,0
DA:78,0
end_of_record

SF:/Users/markjonathas/Desktop/test_changes/evm-m-extensions/uniswapv3/v3-periphery/libraries/LowGasSafeMath.sol
DA:6,0
DA:27,0
DA:28,0
end_of_record

SF:/Users/markjonathas/Desktop/test_changes/evm-m-extensions/uniswapv3/v3-periphery/libraries/OracleLibrary.sol
DA:10,0
DA:16,0
DA:19,0
DA:20,0
DA:22,0
DA:23,0
DA:24,0
DA:26,0
DA:27,0
DA:29,0
DA:30,0
DA:31,0
DA:33,0
DA:35,0
DA:38,0
DA:39,0
DA:145,0
DA:147,0
DA:149,0
DA:152,0
DA:155,0
DA:156,0
DA:157,0
DA:160,0
DA:162,0
end_of_record

SF:/Users/markjonathas/Desktop/test_changes/evm-m-extensions/uniswapv3/v3-periphery/libraries/Path.sol
DA:7,0
DA:11,0
DA:13,0
DA:16,0
DA:18,0
DA:20,0
DA:25,0
DA:26,0
DA:32,0
DA:34,0
DA:42,0
DA:45,0
DA:47,0
DA:48,0
DA:49,0
DA:55,0
DA:56,0
DA:62,0
DA:63,0
end_of_record

SF:/Users/markjonathas/Desktop/test_changes/evm-m-extensions/uniswapv3/v3-periphery/libraries/PoolAddress.sol
DA:5,0
DA:8,0
DA:22,0
DA:23,0
DA:24,0
DA:31,0
DA:32,0
DA:33,0
DA:35,0
DA:36,0
DA:37,0
DA:39,0
DA:40,0
DA:41,0
end_of_record

SF:/Users/markjonathas/Desktop/test_changes/evm-m-extensions/uniswapv3/v3-periphery/libraries/PositionKey.sol
DA:4,0
DA:6,0
DA:10,0
DA:11,0
end_of_record

SF:/Users/markjonathas/Desktop/test_changes/evm-m-extensions/uniswapv3/v3-periphery/libraries/TransferHelper.sol
DA:6,0
DA:13,0
DA:14,0
DA:15,0
DA:17,0
DA:25,0
DA:26,0
DA:27,0
DA:44,0
DA:45,0
DA:46,0
end_of_record

